2026-05-29 15:24:07,134 [INFO] Activator:176 - 


2026-05-29 15:24:07,135 [INFO] Activator:177 - !SESSION log4j initialized
2026-05-29 15:24:09,452 [INFO] LogOutputStream:77 - [STDOUT_REDIRECT] 
2026-05-29 15:24:11,072 [INFO] ApplicationProperties:184 - Using Application install path: C:\ST\STM32CubeIDE_1.19.0\STM32CubeIDE\plugins\com.st.stm32cube.common.mx_6.15.0.202507011659
2026-05-29 15:24:11,085 [INFO] DbMcusXml:78 - Set database path to: C:\ST\STM32CubeIDE_1.19.0\STM32CubeIDE\plugins\com.st.stm32cube.common.mx_6.15.0.202507011659\\db\/mcu/
2026-05-29 15:24:11,086 [INFO] ApiDb:274 - Set plugin database path to: C:\ST\STM32CubeIDE_1.19.0\STM32CubeIDE\plugins\com.st.stm32cube.common.mx_6.15.0.202507011659\\db\/plugins/boardmanager/
2026-05-29 15:24:11,087 [WARN] ApiDb:259 - Overriding images path with different value:  => C:\ST\STM32CubeIDE_1.19.0\STM32CubeIDE\plugins\com.st.stm32cube.common.mx_6.15.0.202507011659\\db\/plugins/mcufinder/images/
2026-05-29 15:24:11,092 [INFO] ApiDb:250 - Set database path to: C:\Users\HP\.stmcufinder\plugins\mcufinder//mcu/
2026-05-29 15:24:11,092 [INFO] DbMcusAds:125 - Set database path to: C:\Users\HP\.stmcufinder\plugins\mcufinder//mcu/
2026-05-29 15:24:11,094 [INFO] CrossReferenceDbSqlite:203 - Set database path to: C:\Users\HP\.stmcufinder\plugins\mcufinder//mcu/cs/
2026-05-29 15:24:11,185 [INFO] RulesReader:64 - Compatibility file has been processed (317 Rules)
2026-05-29 15:24:11,249 [INFO] DbMcusXml:78 - Set database path to: C:\ST\STM32CubeIDE_1.19.0\STM32CubeIDE\plugins\com.st.stm32cube.common.mx_6.15.0.202507011659\\db\/mcu/
2026-05-29 15:24:11,249 [INFO] ApiDb:274 - Set plugin database path to: C:\ST\STM32CubeIDE_1.19.0\STM32CubeIDE\plugins\com.st.stm32cube.common.mx_6.15.0.202507011659\\db\/plugins/boardmanager/
2026-05-29 15:24:11,249 [INFO] ApiDb:261 - Set plugin images path to: C:\ST\STM32CubeIDE_1.19.0\STM32CubeIDE\plugins\com.st.stm32cube.common.mx_6.15.0.202507011659\\db\/plugins/mcufinder/images/
2026-05-29 15:24:11,250 [WARN] DbFile:41 - Overriding database path with different value: C:\Users\HP\.stmcufinder\plugins\mcufinder/ => C:\Users\HP\.stmcufinder\plugins\mcufinder
2026-05-29 15:24:11,250 [INFO] ApiDb:250 - Set database path to: C:\Users\HP\.stmcufinder\plugins\mcufinder//mcu/
2026-05-29 15:24:11,250 [WARN] DbFile:41 - Overriding database path with different value: C:\Users\HP\.stmcufinder\plugins\mcufinder/ => C:\Users\HP\.stmcufinder\plugins\mcufinder
2026-05-29 15:24:11,250 [INFO] DbMcusAds:125 - Set database path to: C:\Users\HP\.stmcufinder\plugins\mcufinder//mcu/
2026-05-29 15:24:11,250 [WARN] DbFile:41 - Overriding database path with different value: C:\Users\HP\.stmcufinder\plugins\mcufinder/ => C:\Users\HP\.stmcufinder\plugins\mcufinder
2026-05-29 15:24:11,250 [WARN] DbFile:41 - Overriding database path with different value: C:\Users\HP\.stmcufinder\plugins\mcufinder/ => C:\Users\HP\.stmcufinder\plugins\mcufinder
2026-05-29 15:24:11,250 [INFO] CrossReferenceDbSqlite:203 - Set database path to: C:\Users\HP\.stmcufinder\plugins\mcufinder//mcu/cs/
2026-05-29 15:24:11,327 [INFO] MainPanel:274 - HeapMemory: 268435456
2026-05-29 15:24:11,393 [INFO] DbMcusXml:78 - Set database path to: C:\ST\STM32CubeIDE_1.19.0\STM32CubeIDE\plugins\com.st.stm32cube.common.mx_6.15.0.202507011659\\db\/mcu/
2026-05-29 15:24:11,393 [INFO] ApiDb:274 - Set plugin database path to: C:\ST\STM32CubeIDE_1.19.0\STM32CubeIDE\plugins\com.st.stm32cube.common.mx_6.15.0.202507011659\\db\/plugins/boardmanager/
2026-05-29 15:24:11,393 [INFO] ApiDb:261 - Set plugin images path to: C:\ST\STM32CubeIDE_1.19.0\STM32CubeIDE\plugins\com.st.stm32cube.common.mx_6.15.0.202507011659\\db\/plugins/mcufinder/images/
2026-05-29 15:24:11,393 [WARN] DbFile:41 - Overriding database path with different value: C:\Users\HP\.stmcufinder\plugins\mcufinder/ => C:\Users\HP\.stmcufinder\plugins\mcufinder
2026-05-29 15:24:11,393 [INFO] ApiDb:250 - Set database path to: C:\Users\HP\.stmcufinder\plugins\mcufinder//mcu/
2026-05-29 15:24:11,393 [WARN] DbFile:41 - Overriding database path with different value: C:\Users\HP\.stmcufinder\plugins\mcufinder/ => C:\Users\HP\.stmcufinder\plugins\mcufinder
2026-05-29 15:24:11,393 [INFO] DbMcusAds:125 - Set database path to: C:\Users\HP\.stmcufinder\plugins\mcufinder//mcu/
2026-05-29 15:24:11,394 [WARN] DbFile:41 - Overriding database path with different value: C:\Users\HP\.stmcufinder\plugins\mcufinder/ => C:\Users\HP\.stmcufinder\plugins\mcufinder
2026-05-29 15:24:11,394 [WARN] DbFile:41 - Overriding database path with different value: C:\Users\HP\.stmcufinder\plugins\mcufinder/ => C:\Users\HP\.stmcufinder\plugins\mcufinder
2026-05-29 15:24:11,395 [INFO] CrossReferenceDbSqlite:203 - Set database path to: C:\Users\HP\.stmcufinder\plugins\mcufinder//mcu/cs/
2026-05-29 15:24:11,409 [INFO] ApplicationProperties:184 - Using Application install path: C:\ST\STM32CubeIDE_1.19.0\STM32CubeIDE\plugins\com.st.stm32cube.common.mx_6.15.0.202507011659
2026-05-29 15:24:11,410 [INFO] PluginManage:196 - Search for loadable plugins [exclusion list=, ]
2026-05-29 15:24:11,411 [INFO] PluginManage:310 - Check plugin analytics
2026-05-29 15:24:11,602 [INFO] AnalyticsPlugin:253 - Accepted Software Licenses: 
2026-05-29 15:24:11,602 [INFO] AnalyticsPlugin:255 - Accepted CMSIS Pack Licenses: 
2026-05-29 15:24:11,602 [INFO] AnalyticsPlugin:257 - Accepted Firmware Licenses: 
2026-05-29 15:24:11,607 [INFO] PluginManage:359 - Loaded plugin analytics (category:tool,tabindex:-1)
2026-05-29 15:24:11,607 [INFO] PluginManage:310 - Check plugin cadmodel
2026-05-29 15:24:11,613 [INFO] CADModel:105 - Init CAD model plugin
2026-05-29 15:24:11,613 [INFO] PluginManage:359 - Loaded plugin cadmodel (category:power,tabindex:5)
2026-05-29 15:24:11,613 [INFO] PluginManage:310 - Check plugin clock
2026-05-29 15:24:11,623 [INFO] PluginManage:359 - Loaded plugin clock (category:base,tabindex:2)
2026-05-29 15:24:11,623 [INFO] PluginManage:310 - Check plugin ddr
2026-05-29 15:24:11,625 [INFO] PluginManage:359 - Loaded plugin ddr (category:tool,tabindex:6)
2026-05-29 15:24:11,625 [INFO] PluginManage:310 - Check plugin filemanager
2026-05-29 15:24:11,791 [INFO] PluginManage:359 - Loaded plugin filemanager (category:base,tabindex:10)
2026-05-29 15:24:11,792 [INFO] PluginManage:310 - Check plugin ipmanager
2026-05-29 15:24:11,797 [INFO] PluginManage:359 - Loaded plugin ipmanager (category:base,tabindex:5)
2026-05-29 15:24:11,797 [INFO] PluginManage:310 - Check plugin lpbam
2026-05-29 15:24:11,804 [INFO] PluginManage:359 - Loaded plugin lpbam (category:base,tabindex:0)
2026-05-29 15:24:11,804 [INFO] PluginManage:310 - Check plugin memorymap
2026-05-29 15:24:11,812 [INFO] PluginManage:359 - Loaded plugin memorymap (category:base,tabindex:4)
2026-05-29 15:24:11,812 [INFO] PluginManage:310 - Check plugin pinoutandconfiguration
2026-05-29 15:24:11,817 [INFO] PluginManage:359 - Loaded plugin pinoutandconfiguration (category:base,tabindex:1)
2026-05-29 15:24:11,817 [INFO] PluginManage:310 - Check plugin pinoutconfig
2026-05-29 15:24:11,875 [WARN] SupportedApi:132 - Cannot load RTOS API schema: s4s-elt-must-match.1: The content of 'definitions' must match (annotation?, (simpleType | complexType)?, (unique | key | keyref)*)). A problem was found starting at: attribute.
2026-05-29 15:24:11,958 [INFO] PluginManage:359 - Loaded plugin pinoutconfig (category:base,tabindex:0)
2026-05-29 15:24:11,958 [INFO] PluginManage:310 - Check plugin power
2026-05-29 15:24:11,963 [INFO] PluginManage:359 - Loaded plugin power (category:power,tabindex:4)
2026-05-29 15:24:11,964 [INFO] PluginManage:310 - Check plugin projectmanager
2026-05-29 15:24:11,979 [INFO] PluginManage:359 - Loaded plugin projectmanager (category:projectmanager,tabindex:4)
2026-05-29 15:24:11,979 [INFO] PluginManage:310 - Check plugin rif
2026-05-29 15:24:11,985 [INFO] PluginManage:359 - Loaded plugin rif (category:base,tabindex:3)
2026-05-29 15:24:11,985 [INFO] PluginManage:310 - Check plugin thirdparty
2026-05-29 15:24:12,087 [INFO] PluginManage:359 - Loaded plugin thirdparty (category:base,tabindex:-1)
2026-05-29 15:24:12,087 [WARN] IntegrityCheckThread:84 - waiting for thirdparty lock release [integrity check]
2026-05-29 15:24:12,088 [INFO] PluginManage:310 - Check plugin tools
2026-05-29 15:24:12,088 [INFO] IntegrityCheckThread:86 - entering critical section [integrity check]
2026-05-29 15:24:12,090 [INFO] ThirdPartyUpdaterWithRetryManager:70 - Updater plugin not ready yet. [1/15]
2026-05-29 15:24:12,093 [INFO] PluginManage:359 - Loaded plugin tools (category:base,tabindex:7)
2026-05-29 15:24:12,094 [INFO] PluginManage:310 - Check plugin tutovideos
2026-05-29 15:24:12,243 [INFO] PluginManage:359 - Loaded plugin tutovideos (category:base,tabindex:-1)
2026-05-29 15:24:12,244 [INFO] PluginManage:310 - Check plugin updater
2026-05-29 15:24:12,261 [INFO] PluginManage:359 - Loaded plugin updater (category:base,tabindex:12)
2026-05-29 15:24:12,261 [INFO] PluginManage:310 - Check plugin userauth
2026-05-29 15:24:12,264 [INFO] UserAuth:118 - Init User Auth plugin
2026-05-29 15:24:12,265 [INFO] PluginManage:359 - Loaded plugin userauth (category:base,tabindex:14)
2026-05-29 15:24:12,265 [INFO] PluginManage:283 - PluginManage : Loaded plugins [18]
2026-05-29 15:24:12,415 [INFO] PinOutPanel:1589 - setPackage(No Configuration,No Configuration)
2026-05-29 15:24:12,485 [INFO] CADModel:165 - CPN selected for project level
2026-05-29 15:24:12,485 [INFO] CADModel:114 - Register for checkConnection events
2026-05-29 15:24:12,500 [INFO] IPUIPlugin:80 - create IPUIPlugin
2026-05-29 15:24:12,500 [INFO] PluginManager:220 - loadIPPluginJar : add adc
2026-05-29 15:24:12,502 [INFO] IPUIPlugin:80 - create IPUIPlugin
2026-05-29 15:24:12,502 [INFO] PluginManager:220 - loadIPPluginJar : add aes
2026-05-29 15:24:12,504 [INFO] IPUIPlugin:80 - create IPUIPlugin
2026-05-29 15:24:12,504 [INFO] PluginManager:220 - loadIPPluginJar : add can
2026-05-29 15:24:12,505 [INFO] IPUIPlugin:80 - create IPUIPlugin
2026-05-29 15:24:12,506 [INFO] PluginManager:220 - loadIPPluginJar : add comp
2026-05-29 15:24:12,508 [INFO] IPUIPlugin:80 - create IPUIPlugin
2026-05-29 15:24:12,508 [INFO] PluginManager:220 - loadIPPluginJar : add cryp
2026-05-29 15:24:12,511 [INFO] IPUIPlugin:80 - create IPUIPlugin
2026-05-29 15:24:12,511 [INFO] PluginManager:220 - loadIPPluginJar : add ddr_ctrl_phy
2026-05-29 15:24:12,514 [INFO] IPUIPlugin:80 - create IPUIPlugin
2026-05-29 15:24:12,514 [INFO] PluginManager:220 - loadIPPluginJar : add dfsdm
2026-05-29 15:24:12,519 [INFO] IPUIPlugin:80 - create IPUIPlugin
2026-05-29 15:24:12,519 [INFO] PluginManager:220 - loadIPPluginJar : add dma
2026-05-29 15:24:12,522 [INFO] IPUIPlugin:80 - create IPUIPlugin
2026-05-29 15:24:12,522 [INFO] PluginManager:220 - loadIPPluginJar : add dma3
2026-05-29 15:24:12,525 [INFO] IPUIPlugin:80 - create IPUIPlugin
2026-05-29 15:24:12,525 [INFO] PluginManager:220 - loadIPPluginJar : add extmemmanager
2026-05-29 15:24:12,526 [INFO] IPUIPlugin:80 - create IPUIPlugin
2026-05-29 15:24:12,526 [INFO] PluginManager:220 - loadIPPluginJar : add fatfs
2026-05-29 15:24:12,531 [INFO] IPUIPlugin:80 - create IPUIPlugin
2026-05-29 15:24:12,531 [INFO] PluginManager:220 - loadIPPluginJar : add fmc
2026-05-29 15:24:12,535 [INFO] IPUIPlugin:80 - create IPUIPlugin
2026-05-29 15:24:12,536 [INFO] PluginManager:220 - loadIPPluginJar : add freertos
2026-05-29 15:24:12,537 [INFO] IPUIPlugin:80 - create IPUIPlugin
2026-05-29 15:24:12,537 [INFO] PluginManager:220 - loadIPPluginJar : add genericplugin
2026-05-29 15:24:12,539 [INFO] IPUIPlugin:80 - create IPUIPlugin
2026-05-29 15:24:12,539 [INFO] PluginManager:220 - loadIPPluginJar : add gfxmmu
2026-05-29 15:24:12,542 [INFO] IPUIPlugin:80 - create IPUIPlugin
2026-05-29 15:24:12,542 [INFO] PluginManager:220 - loadIPPluginJar : add gic
2026-05-29 15:24:12,545 [INFO] IPUIPlugin:80 - create IPUIPlugin
2026-05-29 15:24:12,545 [INFO] PluginManager:220 - loadIPPluginJar : add gpio
2026-05-29 15:24:12,547 [INFO] IPUIPlugin:80 - create IPUIPlugin
2026-05-29 15:24:12,547 [INFO] PluginManager:220 - loadIPPluginJar : add gtzc
2026-05-29 15:24:12,548 [INFO] IPUIPlugin:80 - create IPUIPlugin
2026-05-29 15:24:12,548 [INFO] PluginManager:220 - loadIPPluginJar : add hash
2026-05-29 15:24:12,551 [INFO] IPUIPlugin:80 - create IPUIPlugin
2026-05-29 15:24:12,552 [INFO] PluginManager:220 - loadIPPluginJar : add i2c
2026-05-29 15:24:12,554 [INFO] IPUIPlugin:80 - create IPUIPlugin
2026-05-29 15:24:12,554 [INFO] PluginManager:220 - loadIPPluginJar : add i2s
2026-05-29 15:24:12,556 [INFO] IPUIPlugin:80 - create IPUIPlugin
2026-05-29 15:24:12,556 [INFO] PluginManager:220 - loadIPPluginJar : add i3c
2026-05-29 15:24:12,559 [INFO] IPUIPlugin:80 - create IPUIPlugin
2026-05-29 15:24:12,560 [INFO] PluginManager:220 - loadIPPluginJar : add ipddr
2026-05-29 15:24:12,565 [INFO] IPUIPlugin:80 - create IPUIPlugin
2026-05-29 15:24:12,566 [INFO] PluginManager:220 - loadIPPluginJar : add linkedlist
2026-05-29 15:24:12,569 [INFO] IPUIPlugin:80 - create IPUIPlugin
2026-05-29 15:24:12,569 [INFO] PluginManager:220 - loadIPPluginJar : add lorawan
2026-05-29 15:24:12,570 [INFO] IPUIPlugin:80 - create IPUIPlugin
2026-05-29 15:24:12,570 [INFO] PluginManager:220 - loadIPPluginJar : add ltdc
2026-05-29 15:24:12,574 [INFO] IPUIPlugin:80 - create IPUIPlugin
2026-05-29 15:24:12,575 [INFO] PluginManager:220 - loadIPPluginJar : add mdma
2026-05-29 15:24:12,577 [INFO] IPUIPlugin:80 - create IPUIPlugin
2026-05-29 15:24:12,577 [INFO] PluginManager:220 - loadIPPluginJar : add nvic
2026-05-29 15:24:12,580 [INFO] IPUIPlugin:80 - create IPUIPlugin
2026-05-29 15:24:12,580 [INFO] PluginManager:220 - loadIPPluginJar : add opamp
2026-05-29 15:24:12,582 [INFO] IPUIPlugin:80 - create IPUIPlugin
2026-05-29 15:24:12,582 [INFO] PluginManager:220 - loadIPPluginJar : add openamp
2026-05-29 15:24:12,584 [INFO] IPUIPlugin:80 - create IPUIPlugin
2026-05-29 15:24:12,584 [INFO] PluginManager:220 - loadIPPluginJar : add pdm2pcm
2026-05-29 15:24:12,589 [INFO] IPUIPlugin:80 - create IPUIPlugin
2026-05-29 15:24:12,591 [INFO] PluginManager:220 - loadIPPluginJar : add plateformsettings
2026-05-29 15:24:12,592 [INFO] IPUIPlugin:80 - create IPUIPlugin
2026-05-29 15:24:12,592 [INFO] PluginManager:220 - loadIPPluginJar : add quadspi
2026-05-29 15:24:12,594 [INFO] IPUIPlugin:80 - create IPUIPlugin
2026-05-29 15:24:12,594 [INFO] PluginManager:220 - loadIPPluginJar : add radio
2026-05-29 15:24:12,597 [INFO] IPUIPlugin:80 - create IPUIPlugin
2026-05-29 15:24:12,597 [INFO] PluginManager:220 - loadIPPluginJar : add resmgrutility
2026-05-29 15:24:12,599 [INFO] IPUIPlugin:80 - create IPUIPlugin
2026-05-29 15:24:12,600 [INFO] PluginManager:220 - loadIPPluginJar : add sai
2026-05-29 15:24:12,601 [INFO] IPUIPlugin:80 - create IPUIPlugin
2026-05-29 15:24:12,601 [INFO] PluginManager:220 - loadIPPluginJar : add spi
2026-05-29 15:24:12,606 [INFO] IPUIPlugin:80 - create IPUIPlugin
2026-05-29 15:24:12,606 [INFO] PluginManager:220 - loadIPPluginJar : add stm32_wpan
2026-05-29 15:24:12,608 [INFO] IPUIPlugin:80 - create IPUIPlugin
2026-05-29 15:24:12,608 [INFO] PluginManager:220 - loadIPPluginJar : add tim
2026-05-29 15:24:12,611 [INFO] IPUIPlugin:80 - create IPUIPlugin
2026-05-29 15:24:12,611 [INFO] PluginManager:220 - loadIPPluginJar : add touchsensing
2026-05-29 15:24:12,612 [INFO] IPUIPlugin:80 - create IPUIPlugin
2026-05-29 15:24:12,613 [INFO] PluginManager:220 - loadIPPluginJar : add tracer_emb
2026-05-29 15:24:12,614 [INFO] IPUIPlugin:80 - create IPUIPlugin
2026-05-29 15:24:12,614 [INFO] PluginManager:220 - loadIPPluginJar : add ts
2026-05-29 15:24:12,615 [INFO] IPUIPlugin:80 - create IPUIPlugin
2026-05-29 15:24:12,615 [INFO] PluginManager:220 - loadIPPluginJar : add tsc
2026-05-29 15:24:12,616 [INFO] IPUIPlugin:80 - create IPUIPlugin
2026-05-29 15:24:12,617 [INFO] PluginManager:220 - loadIPPluginJar : add ucpd
2026-05-29 15:24:12,618 [INFO] IPUIPlugin:80 - create IPUIPlugin
2026-05-29 15:24:12,618 [INFO] PluginManager:220 - loadIPPluginJar : add usart
2026-05-29 15:24:12,621 [INFO] IPUIPlugin:80 - create IPUIPlugin
2026-05-29 15:24:12,621 [INFO] PluginManager:220 - loadIPPluginJar : add usbx
2026-05-29 15:24:12,730 [FATAL] Updater:351 - Updater called before beeing initialized
2026-05-29 15:24:12,760 [INFO] RulesReader:64 - Compatibility file has been processed (317 Rules)
2026-05-29 15:24:12,774 [INFO] RulesReader:64 - Compatibility file has been processed (317 Rules)
2026-05-29 15:24:12,789 [INFO] CADModel:165 - CPN selected for project level
2026-05-29 15:24:12,789 [INFO] CADModel:114 - Register for checkConnection events
2026-05-29 15:24:12,790 [FATAL] Updater:351 - Updater called before beeing initialized
2026-05-29 15:24:12,790 [ERROR] CADModel:125 - Updater not yet initialized, retry later 
2026-05-29 15:24:12,887 [FATAL] Updater:351 - Updater called before beeing initialized
2026-05-29 15:24:12,888 [INFO] CADModel:165 - CPN selected for project level
2026-05-29 15:24:12,888 [INFO] CADModel:114 - Register for checkConnection events
2026-05-29 15:24:12,889 [FATAL] Updater:351 - Updater called before beeing initialized
2026-05-29 15:24:12,889 [ERROR] CADModel:125 - Updater not yet initialized, retry later 
2026-05-29 15:24:12,891 [FATAL] Updater:351 - Updater called before beeing initialized
2026-05-29 15:24:12,979 [FATAL] Updater:351 - Updater called before beeing initialized
2026-05-29 15:24:12,984 [INFO] DbMcusAds:53 - JSON generation date=Thu Sep 30 12:25:09 IST 2021 (1632984909247)
2026-05-29 15:24:12,984 [FATAL] Updater:351 - Updater called before beeing initialized
2026-05-29 15:24:13,013 [WARN] DetailPanel:346 - Failed to get advertising image, set to default
2026-05-29 15:24:13,079 [FATAL] Updater:351 - Updater called before beeing initialized
2026-05-29 15:24:13,081 [FATAL] Updater:351 - Updater called before beeing initialized
2026-05-29 15:24:13,081 [FATAL] Updater:351 - Updater called before beeing initialized
2026-05-29 15:24:13,082 [WARN] DetailPanel:346 - Failed to get advertising image, set to default
2026-05-29 15:24:13,083 [FATAL] Updater:351 - Updater called before beeing initialized
2026-05-29 15:24:13,115 [ERROR] Updater:1198 - MainUpdater not yet initialized. External WinMGr cannot be set.
2026-05-29 15:24:13,116 [INFO] Updater:1134 - Updater Version found : 6.15.0
2026-05-29 15:24:13,131 [INFO] ApplicationProperties:184 - Using Application install path: C:\ST\STM32CubeIDE_1.19.0\STM32CubeIDE\plugins\com.st.stm32cube.common.mx_6.15.0.202507011659
2026-05-29 15:24:14,699 [ERROR] LogOutputStream:75 - [STDERR_REDIRECT] May 29, 2026 3:24:14 PM java.util.prefs.WindowsPreferences <init>
2026-05-29 15:24:14,700 [ERROR] LogOutputStream:75 - [STDERR_REDIRECT] WARNING: Could not open/create prefs root node Software\JavaSoft\Prefs at root 0xffffffff80000002. Windows RegCreateKeyEx(...) returned error code 5.
2026-05-29 15:24:14,700 [ERROR] LogOutputStream:75 - [STDERR_REDIRECT] 
2026-05-29 15:24:15,090 [INFO] ThirdPartyUpdaterWithRetryManager:70 - Updater plugin not ready yet. [2/15]
2026-05-29 15:24:15,139 [INFO] MainUpdater:2872 - connection check result : 10
2026-05-29 15:24:15,140 [INFO] MainUpdater:289 - Updater Check For Update Now.
2026-05-29 15:24:15,140 [INFO] MicroXplorer:498 - Change Database Version : DB.6.0.150
2026-05-29 15:24:15,149 [INFO] McuFinderGlobals:63 - Set McuFinder mode to 2 (CubeIDE integrated)
2026-05-29 15:24:15,149 [INFO] UserAuth:171 - activating auth plugin
2026-05-29 15:24:15,152 [INFO] UserAuth:487 - Internet connection configuration mode: 1
2026-05-29 15:24:15,195 [INFO] JxBrowserEngine:152 - Initiate JxBrowser Engine with user profile folder
2026-05-29 15:24:15,326 [INFO] CheckServerUpdateThread:120 - End of CheckServer Thread
2026-05-29 15:24:15,791 [INFO] WebApp:169 - Instantiating new browser for Auth
2026-05-29 15:24:16,296 [INFO] WebApp:463 - Apply proxy settings
2026-05-29 15:24:16,296 [INFO] WebApp:548 - Chromium requires no authentication
2026-05-29 15:24:16,303 [INFO] WebApp:491 - Direct internet connection detected
2026-05-29 15:24:16,319 [INFO] WebApp:900 - Register for checkConnection events
2026-05-29 15:24:16,319 [INFO] WebApp:463 - Apply proxy settings
2026-05-29 15:24:16,320 [INFO] WebApp:548 - Chromium requires no authentication
2026-05-29 15:24:16,320 [INFO] WebApp:491 - Direct internet connection detected
2026-05-29 15:24:16,429 [INFO] WebApp:225 - Starting web application
2026-05-29 15:24:16,429 [INFO] WebApp:593 - Web application path used C:\ST\STM32CubeIDE_1.19.0\STM32CubeIDE\plugins\com.st.stm32cube.common.mx_6.15.0.202507011659\db\plugins\mcufinder\reactClient1\index.html
2026-05-29 15:24:17,005 [INFO] WebApp:191 - Connection restablished
2026-05-29 15:24:18,382 [WARN] PackLoader:240 - Cannot read IP mode file for STMicroelectronics.X-CUBE-AZRTOS-H7.3.5.0
2026-05-29 15:24:18,396 [WARN] PackLoader:240 - Cannot read IP mode file for STMicroelectronics.FP-ATR-ASTRA1.2.0.2
2026-05-29 15:24:18,411 [WARN] PackLoader:240 - Cannot read IP mode file for STMicroelectronics.X-CUBE-SMBUS.2.1.0
2026-05-29 15:24:18,427 [WARN] PackLoader:240 - Cannot read IP mode file for STMicroelectronics.X-CUBE-AZRTOS-F7.1.1.0
2026-05-29 15:24:18,433 [WARN] PackLoader:240 - Cannot read IP mode file for STMicroelectronics.FP-SNS-MOTENV1.5.1.0
2026-05-29 15:24:18,447 [WARN] PackLoader:240 - Cannot read IP mode file for WES.I-CUBE-Cesium.1.4.0
2026-05-29 15:24:18,454 [WARN] PackLoader:240 - Cannot read IP mode file for STMicroelectronics.X-CUBE-DISPLAY.3.0.0
2026-05-29 15:24:18,469 [WARN] PackLoader:240 - Cannot read IP mode file for STMicroelectronics.X-CUBE-GNSS1.7.1.1
2026-05-29 15:24:18,477 [WARN] PackLoader:240 - Cannot read IP mode file for STMicroelectronics.FP-SNS-MOTENVWB1.1.5.0
2026-05-29 15:24:18,481 [WARN] PackLoader:240 - Cannot read IP mode file for wolfSSL.I-CUBE-wolfSSL.5.9.1
2026-05-29 15:24:18,487 [WARN] PackLoader:240 - Cannot read IP mode file for STMicroelectronics.X-CUBE-NFC10.1.0.0
2026-05-29 15:24:18,494 [WARN] PackLoader:240 - Cannot read IP mode file for STMicroelectronics.X-CUBE-ST60.1.1.0
2026-05-29 15:24:18,504 [WARN] PackLoader:240 - Cannot read IP mode file for emotas.I-CUBE-CANOPEN.1.3.0
2026-05-29 15:24:18,510 [WARN] PackLoader:240 - Cannot read IP mode file for STMicroelectronics.FP-SNS-STBOX1.2.1.0
2026-05-29 15:24:18,516 [WARN] PackLoader:240 - Cannot read IP mode file for STMicroelectronics.FP-SNS-SMARTAG2.1.2.0
2026-05-29 15:24:18,520 [WARN] PackLoader:240 - Cannot read IP mode file for STMicroelectronics.FP-SNS-FLIGHT1.5.1.0
2026-05-29 15:24:18,532 [INFO] LogOutputStream:77 - [STDOUT_REDIRECT] 1 : Invalid condition id : UX_CORESTACK_Condition cause : null
2026-05-29 15:24:18,533 [INFO] LogOutputStream:77 - [STDOUT_REDIRECT] 1 : Invalid condition id : UX_CORESTACK_Condition cause : null
2026-05-29 15:24:18,536 [INFO] LogOutputStream:77 - [STDOUT_REDIRECT] 1 : Invalid condition id : UX_CORESTACK_Condition cause : null
2026-05-29 15:24:18,537 [INFO] LogOutputStream:77 - [STDOUT_REDIRECT] 1 : Invalid condition id : UX_CORESTACK_Condition cause : null
2026-05-29 15:24:18,537 [INFO] LogOutputStream:77 - [STDOUT_REDIRECT] 1 : Invalid condition id : UX_CORESTACK_Condition cause : null
2026-05-29 15:24:18,541 [WARN] PackLoader:240 - Cannot read IP mode file for STMicroelectronics.X-CUBE-AZRTOS-WL.2.0.0
2026-05-29 15:24:18,554 [WARN] PackLoader:240 - Cannot read IP mode file for STMicroelectronics.X-CUBE-AZRTOS-H7RS.1.2.0
2026-05-29 15:24:18,561 [WARN] PackLoader:240 - Cannot read IP mode file for STMicroelectronics.X-CUBE-BLE2.3.3.0
2026-05-29 15:24:18,597 [WARN] PackLoader:240 - Cannot read IP mode file for Infineon.AIROC-Wi-Fi-Bluetooth-STM32.1.8.0
2026-05-29 15:24:18,604 [WARN] PackLoader:240 - Cannot read IP mode file for STMicroelectronics.X-CUBE-NFC9.1.0.0
2026-05-29 15:24:18,618 [WARN] PackLoader:240 - Cannot read IP mode file for STMicroelectronics.X-CUBE-BLE1.7.1.0
2026-05-29 15:24:18,621 [WARN] PackLoader:240 - Cannot read IP mode file for wolfSSL.I-CUBE-wolfMQTT.1.19.2
2026-05-29 15:24:18,627 [WARN] PackLoader:240 - Cannot read IP mode file for STMicroelectronics.X-CUBE-EEPRMA1.5.2.0
2026-05-29 15:24:18,633 [WARN] PackLoader:240 - Cannot read IP mode file for STMicroelectronics.FP-SNS-STAIOTCFT.1.1.0
2026-05-29 15:24:18,643 [WARN] PackLoader:240 - Cannot read IP mode file for STMicroelectronics.X-CUBE-AZRTOS-G0.1.1.0
2026-05-29 15:24:18,649 [WARN] PackLoader:240 - Cannot read IP mode file for STMicroelectronics.X-CUBE-NFC4.3.0.0
2026-05-29 15:24:18,655 [WARN] PackLoader:240 - Cannot read IP mode file for EmbeddedOffice.I-CUBE-FS-RTOS.1.0.1
2026-05-29 15:24:18,660 [WARN] PackLoader:240 - Cannot read IP mode file for wolfSSL.I-CUBE-wolfTPM.3.8.0
2026-05-29 15:24:18,664 [WARN] PackLoader:240 - Cannot read IP mode file for STMicroelectronics.X-CUBE-TCPP.4.2.0
2026-05-29 15:24:18,669 [WARN] PackLoader:240 - Cannot read IP mode file for RealThread.X-CUBE-RT-Thread_Nano.4.1.1
2026-05-29 15:24:18,673 [WARN] PackLoader:240 - Cannot read IP mode file for STMicroelectronics.FP-ATR-SIGFOX1.3.2.0
2026-05-29 15:24:18,678 [WARN] PackLoader:240 - Cannot read IP mode file for STMicroelectronics.X-CUBE-FREERTOS.1.5.0
2026-05-29 15:24:18,682 [WARN] PackLoader:240 - Cannot read IP mode file for ITTIA_DB.I-CUBE-ITTIADB.8.9.0
2026-05-29 15:24:18,685 [WARN] PackLoader:240 - Cannot read IP mode file for Cesanta.I-CUBE-Mongoose.7.21.7
2026-05-29 15:24:18,691 [WARN] PackLoader:240 - Cannot read IP mode file for STMicroelectronics.X-CUBE-NFC6.3.2.0
2026-05-29 15:24:18,696 [WARN] PackLoader:240 - Cannot read IP mode file for STMicroelectronics.X-CUBE-AI.10.2.0
2026-05-29 15:24:18,721 [WARN] PackLoader:240 - Cannot read IP mode file for STMicroelectronics.X-CUBE-MEMS1.12.1.0
2026-05-29 15:24:18,798 [WARN] PackLoader:240 - Cannot read IP mode file for SEGGER.I-CUBE-embOS.1.3.1
2026-05-29 15:24:18,885 [WARN] PackLoader:240 - Cannot read IP mode file for STMicroelectronics.X-CUBE-PM33A1.1.0.0
2026-05-29 15:24:18,900 [WARN] PackLoader:240 - Cannot read IP mode file for STMicroelectronics.X-CUBE-AZRTOS-F4.1.1.0
2026-05-29 15:24:18,905 [WARN] PackLoader:240 - Cannot read IP mode file for STMicroelectronics.X-CUBE-ISPU.2.1.0
2026-05-29 15:24:18,912 [WARN] PackLoader:240 - Cannot read IP mode file for STMicroelectronics.X-CUBE-IPS.3.2.0
2026-05-29 15:24:18,919 [WARN] PackLoader:240 - Cannot read IP mode file for STMicroelectronics.eDS-WB_DPC_TT-BIDIR.2.1.1
2026-05-29 15:24:18,924 [WARN] PackLoader:240 - Cannot read IP mode file for STMicroelectronics.X-CUBE-NFC12.1.0.0
2026-05-29 15:24:18,933 [WARN] PackLoader:240 - Cannot read IP mode file for STMicroelectronics.X-CUBE-AZRTOS-L5.2.0.0
2026-05-29 15:24:18,940 [WARN] PackLoader:240 - Cannot read IP mode file for STMicroelectronics.X-CUBE-ALGOBUILD.1.5.0
2026-05-29 15:24:18,944 [WARN] PackLoader:240 - Cannot read IP mode file for STMicroelectronics.eDS-WB_DPC_VIENNA.1.2.0
2026-05-29 15:24:18,947 [WARN] PackLoader:240 - Cannot read IP mode file for STMicroelectronics.eDS-WB_DPC_3PH2L-BIDIR.1.1.1
2026-05-29 15:24:18,952 [ERROR] Engine:466 - C:\Users\HP\.stm32cubemx\thirdparties\pdsc\STMicroelectronics.X-CUBE-ST67W61.1.3.0.pdsc: PDSC version is not supported
2026-05-29 15:24:18,959 [WARN] PackLoader:240 - Cannot read IP mode file for STMicroelectronics.X-CUBE-TOUCHGFX.4.26.1
2026-05-29 15:24:18,963 [WARN] PackLoader:240 - Cannot read IP mode file for STMicroelectronics.X-CUBE-DPower.1.3.0
2026-05-29 15:24:18,974 [WARN] ConditionMgr:438 - getConditionDescription Invalid condition id : LAN8742 Phy interface Condition cause : null
2026-05-29 15:24:18,974 [WARN] PackLoader:240 - Cannot read IP mode file for STMicroelectronics.X-CUBE-AZRTOS-L4.2.0.0
2026-05-29 15:24:18,976 [WARN] ConditionMgr:1044 - genDependencies : Invalid condition id : LAN8742 Phy interface Condition cause : null
2026-05-29 15:24:18,976 [WARN] ConditionMgr:1044 - genDependencies : Invalid condition id : LAN8742 Phy interface Condition cause : null
2026-05-29 15:24:18,976 [WARN] ConditionMgr:1044 - genDependencies : Invalid condition id : LAN8742 Phy interface Condition cause : null
2026-05-29 15:24:18,981 [WARN] PackLoader:240 - Cannot read IP mode file for STMicroelectronics.X-CUBE-SFXS2LP1.4.0.0
2026-05-29 15:24:18,986 [WARN] PackLoader:240 - Cannot read IP mode file for STMicroelectronics.X-CUBE-WB05N.2.1.0
2026-05-29 15:24:18,993 [WARN] PackLoader:240 - Cannot read IP mode file for STMicroelectronics.X-CUBE-BLEMGR.4.1.0
2026-05-29 15:24:19,002 [WARN] ConditionMgr:438 - getConditionDescription Invalid condition id : UX DEVICE CLASS RTOS Condition cause : null
2026-05-29 15:24:19,002 [WARN] ConditionMgr:438 - getConditionDescription Invalid condition id : UX DEVICE CLASS RTOS Condition cause : null
2026-05-29 15:24:19,003 [WARN] PackLoader:240 - Cannot read IP mode file for STMicroelectronics.X-CUBE-AZRTOS-WB.2.0.0
2026-05-29 15:24:19,003 [WARN] ConditionMgr:1044 - genDependencies : Invalid condition id : UX DEVICE CLASS RTOS Condition cause : null
2026-05-29 15:24:19,004 [WARN] ConditionMgr:1044 - genDependencies : Invalid condition id : UX DEVICE CLASS RTOS Condition cause : null
2026-05-29 15:24:19,004 [WARN] ConditionMgr:1044 - genDependencies : Invalid condition id : UX DEVICE CLASS RTOS Condition cause : null
2026-05-29 15:24:19,004 [WARN] ConditionMgr:1044 - genDependencies : Invalid condition id : UX DEVICE CLASS RTOS Condition cause : null
2026-05-29 15:24:19,004 [WARN] ConditionMgr:1044 - genDependencies : Invalid condition id : UX DEVICE CLASS RTOS Condition cause : null
2026-05-29 15:24:19,008 [WARN] ConditionMgr:438 - getConditionDescription Invalid condition id : Cortex-A Device cause : null
2026-05-29 15:24:19,016 [WARN] ConditionMgr:1044 - genDependencies : Invalid condition id : Cortex-A Device cause : null
2026-05-29 15:24:19,016 [WARN] ConditionMgr:1044 - genDependencies : Invalid condition id : Cortex-A Device cause : null
2026-05-29 15:24:19,016 [WARN] ConditionMgr:1044 - genDependencies : Invalid condition id : Cortex-A Device cause : null
2026-05-29 15:24:19,021 [WARN] PackLoader:240 - Cannot read IP mode file for STMicroelectronics.X-CUBE-STSE01.2.0.0
2026-05-29 15:24:19,028 [WARN] PackLoader:240 - Cannot read IP mode file for STMicroelectronics.X-CUBE-SUBG2.5.0.0
2026-05-29 15:24:19,038 [WARN] PackLoader:240 - Cannot read IP mode file for STMicroelectronics.X-CUBE-AZRTOS-G4.2.0.0
2026-05-29 15:24:19,044 [WARN] PackLoader:240 - Cannot read IP mode file for wolfSSL.I-CUBE-wolfSSH.1.4.20
2026-05-29 15:24:19,048 [WARN] PackLoader:240 - Cannot read IP mode file for STMicroelectronics.X-CUBE-NFC7.2.0.0
2026-05-29 15:24:19,051 [WARN] PackLoader:240 - Cannot read IP mode file for STMicroelectronics.X-CUBE-ALS.1.0.2
2026-05-29 15:24:19,058 [WARN] PackLoader:240 - Cannot read IP mode file for STMicroelectronics.X-CUBE-TOF1.3.4.3
2026-05-29 15:24:19,063 [INFO] ThirdParty:978 - Integrity check success = true
2026-05-29 15:24:19,064 [INFO] IntegrityCheckThread:100 - exiting critical section [integrity check]
2026-05-29 15:24:19,064 [INFO] IntegrityCheckThread:103 - End integrity checks thread
2026-05-29 15:25:17,599 [ERROR] LogOutputStream:75 - [STDERR_REDIRECT] 
2026-05-29 15:27:25,945 [INFO] Activator:176 - 


2026-05-29 15:27:25,955 [INFO] Activator:177 - !SESSION log4j initialized
2026-05-29 15:27:28,625 [INFO] LogOutputStream:77 - [STDOUT_REDIRECT] 
2026-05-29 15:27:29,916 [INFO] ApplicationProperties:184 - Using Application install path: C:\ST\STM32CubeIDE_1.19.0\STM32CubeIDE\plugins\com.st.stm32cube.common.mx_6.15.0.202507011659
2026-05-29 15:27:29,933 [INFO] DbMcusXml:78 - Set database path to: C:\ST\STM32CubeIDE_1.19.0\STM32CubeIDE\plugins\com.st.stm32cube.common.mx_6.15.0.202507011659\\db\/mcu/
2026-05-29 15:27:29,933 [INFO] ApiDb:274 - Set plugin database path to: C:\ST\STM32CubeIDE_1.19.0\STM32CubeIDE\plugins\com.st.stm32cube.common.mx_6.15.0.202507011659\\db\/plugins/boardmanager/
2026-05-29 15:27:29,934 [WARN] ApiDb:259 - Overriding images path with different value:  => C:\ST\STM32CubeIDE_1.19.0\STM32CubeIDE\plugins\com.st.stm32cube.common.mx_6.15.0.202507011659\\db\/plugins/mcufinder/images/
2026-05-29 15:27:29,941 [INFO] ApiDb:250 - Set database path to: C:\Users\HP\.stmcufinder\plugins\mcufinder//mcu/
2026-05-29 15:27:29,944 [INFO] DbMcusAds:125 - Set database path to: C:\Users\HP\.stmcufinder\plugins\mcufinder//mcu/
2026-05-29 15:27:29,945 [INFO] CrossReferenceDbSqlite:203 - Set database path to: C:\Users\HP\.stmcufinder\plugins\mcufinder//mcu/cs/
2026-05-29 15:27:30,036 [INFO] RulesReader:64 - Compatibility file has been processed (317 Rules)
2026-05-29 15:27:30,102 [INFO] DbMcusXml:78 - Set database path to: C:\ST\STM32CubeIDE_1.19.0\STM32CubeIDE\plugins\com.st.stm32cube.common.mx_6.15.0.202507011659\\db\/mcu/
2026-05-29 15:27:30,102 [INFO] ApiDb:274 - Set plugin database path to: C:\ST\STM32CubeIDE_1.19.0\STM32CubeIDE\plugins\com.st.stm32cube.common.mx_6.15.0.202507011659\\db\/plugins/boardmanager/
2026-05-29 15:27:30,102 [INFO] ApiDb:261 - Set plugin images path to: C:\ST\STM32CubeIDE_1.19.0\STM32CubeIDE\plugins\com.st.stm32cube.common.mx_6.15.0.202507011659\\db\/plugins/mcufinder/images/
2026-05-29 15:27:30,103 [WARN] DbFile:41 - Overriding database path with different value: C:\Users\HP\.stmcufinder\plugins\mcufinder/ => C:\Users\HP\.stmcufinder\plugins\mcufinder
2026-05-29 15:27:30,103 [INFO] ApiDb:250 - Set database path to: C:\Users\HP\.stmcufinder\plugins\mcufinder//mcu/
2026-05-29 15:27:30,103 [WARN] DbFile:41 - Overriding database path with different value: C:\Users\HP\.stmcufinder\plugins\mcufinder/ => C:\Users\HP\.stmcufinder\plugins\mcufinder
2026-05-29 15:27:30,103 [INFO] DbMcusAds:125 - Set database path to: C:\Users\HP\.stmcufinder\plugins\mcufinder//mcu/
2026-05-29 15:27:30,103 [WARN] DbFile:41 - Overriding database path with different value: C:\Users\HP\.stmcufinder\plugins\mcufinder/ => C:\Users\HP\.stmcufinder\plugins\mcufinder
2026-05-29 15:27:30,103 [WARN] DbFile:41 - Overriding database path with different value: C:\Users\HP\.stmcufinder\plugins\mcufinder/ => C:\Users\HP\.stmcufinder\plugins\mcufinder
2026-05-29 15:27:30,103 [INFO] CrossReferenceDbSqlite:203 - Set database path to: C:\Users\HP\.stmcufinder\plugins\mcufinder//mcu/cs/
2026-05-29 15:27:30,158 [INFO] MainPanel:274 - HeapMemory: 268435456
2026-05-29 15:27:30,217 [INFO] DbMcusXml:78 - Set database path to: C:\ST\STM32CubeIDE_1.19.0\STM32CubeIDE\plugins\com.st.stm32cube.common.mx_6.15.0.202507011659\\db\/mcu/
2026-05-29 15:27:30,217 [INFO] ApiDb:274 - Set plugin database path to: C:\ST\STM32CubeIDE_1.19.0\STM32CubeIDE\plugins\com.st.stm32cube.common.mx_6.15.0.202507011659\\db\/plugins/boardmanager/
2026-05-29 15:27:30,218 [INFO] ApiDb:261 - Set plugin images path to: C:\ST\STM32CubeIDE_1.19.0\STM32CubeIDE\plugins\com.st.stm32cube.common.mx_6.15.0.202507011659\\db\/plugins/mcufinder/images/
2026-05-29 15:27:30,218 [WARN] DbFile:41 - Overriding database path with different value: C:\Users\HP\.stmcufinder\plugins\mcufinder/ => C:\Users\HP\.stmcufinder\plugins\mcufinder
2026-05-29 15:27:30,218 [INFO] ApiDb:250 - Set database path to: C:\Users\HP\.stmcufinder\plugins\mcufinder//mcu/
2026-05-29 15:27:30,218 [WARN] DbFile:41 - Overriding database path with different value: C:\Users\HP\.stmcufinder\plugins\mcufinder/ => C:\Users\HP\.stmcufinder\plugins\mcufinder
2026-05-29 15:27:30,218 [INFO] DbMcusAds:125 - Set database path to: C:\Users\HP\.stmcufinder\plugins\mcufinder//mcu/
2026-05-29 15:27:30,218 [WARN] DbFile:41 - Overriding database path with different value: C:\Users\HP\.stmcufinder\plugins\mcufinder/ => C:\Users\HP\.stmcufinder\plugins\mcufinder
2026-05-29 15:27:30,218 [WARN] DbFile:41 - Overriding database path with different value: C:\Users\HP\.stmcufinder\plugins\mcufinder/ => C:\Users\HP\.stmcufinder\plugins\mcufinder
2026-05-29 15:27:30,218 [INFO] CrossReferenceDbSqlite:203 - Set database path to: C:\Users\HP\.stmcufinder\plugins\mcufinder//mcu/cs/
2026-05-29 15:27:30,232 [INFO] ApplicationProperties:184 - Using Application install path: C:\ST\STM32CubeIDE_1.19.0\STM32CubeIDE\plugins\com.st.stm32cube.common.mx_6.15.0.202507011659
2026-05-29 15:27:30,233 [INFO] PluginManage:196 - Search for loadable plugins [exclusion list=, ]
2026-05-29 15:27:30,234 [INFO] PluginManage:310 - Check plugin analytics
2026-05-29 15:27:30,427 [INFO] AnalyticsPlugin:253 - Accepted Software Licenses: 
2026-05-29 15:27:30,428 [INFO] AnalyticsPlugin:255 - Accepted CMSIS Pack Licenses: 
2026-05-29 15:27:30,428 [INFO] AnalyticsPlugin:257 - Accepted Firmware Licenses: 
2026-05-29 15:27:30,432 [INFO] PluginManage:359 - Loaded plugin analytics (category:tool,tabindex:-1)
2026-05-29 15:27:30,433 [INFO] PluginManage:310 - Check plugin cadmodel
2026-05-29 15:27:30,438 [INFO] CADModel:105 - Init CAD model plugin
2026-05-29 15:27:30,438 [INFO] PluginManage:359 - Loaded plugin cadmodel (category:power,tabindex:5)
2026-05-29 15:27:30,439 [INFO] PluginManage:310 - Check plugin clock
2026-05-29 15:27:30,451 [INFO] PluginManage:359 - Loaded plugin clock (category:base,tabindex:2)
2026-05-29 15:27:30,451 [INFO] PluginManage:310 - Check plugin ddr
2026-05-29 15:27:30,455 [INFO] PluginManage:359 - Loaded plugin ddr (category:tool,tabindex:6)
2026-05-29 15:27:30,455 [INFO] PluginManage:310 - Check plugin filemanager
2026-05-29 15:27:30,629 [INFO] PluginManage:359 - Loaded plugin filemanager (category:base,tabindex:10)
2026-05-29 15:27:30,630 [INFO] PluginManage:310 - Check plugin ipmanager
2026-05-29 15:27:30,635 [INFO] PluginManage:359 - Loaded plugin ipmanager (category:base,tabindex:5)
2026-05-29 15:27:30,635 [INFO] PluginManage:310 - Check plugin lpbam
2026-05-29 15:27:30,642 [INFO] PluginManage:359 - Loaded plugin lpbam (category:base,tabindex:0)
2026-05-29 15:27:30,642 [INFO] PluginManage:310 - Check plugin memorymap
2026-05-29 15:27:30,652 [INFO] PluginManage:359 - Loaded plugin memorymap (category:base,tabindex:4)
2026-05-29 15:27:30,652 [INFO] PluginManage:310 - Check plugin pinoutandconfiguration
2026-05-29 15:27:30,659 [INFO] PluginManage:359 - Loaded plugin pinoutandconfiguration (category:base,tabindex:1)
2026-05-29 15:27:30,659 [INFO] PluginManage:310 - Check plugin pinoutconfig
2026-05-29 15:27:30,753 [WARN] SupportedApi:132 - Cannot load RTOS API schema: s4s-elt-must-match.1: The content of 'definitions' must match (annotation?, (simpleType | complexType)?, (unique | key | keyref)*)). A problem was found starting at: attribute.
2026-05-29 15:27:30,847 [INFO] PluginManage:359 - Loaded plugin pinoutconfig (category:base,tabindex:0)
2026-05-29 15:27:30,848 [INFO] PluginManage:310 - Check plugin power
2026-05-29 15:27:30,854 [INFO] PluginManage:359 - Loaded plugin power (category:power,tabindex:4)
2026-05-29 15:27:30,854 [INFO] PluginManage:310 - Check plugin projectmanager
2026-05-29 15:27:30,869 [INFO] PluginManage:359 - Loaded plugin projectmanager (category:projectmanager,tabindex:4)
2026-05-29 15:27:30,869 [INFO] PluginManage:310 - Check plugin rif
2026-05-29 15:27:30,876 [INFO] PluginManage:359 - Loaded plugin rif (category:base,tabindex:3)
2026-05-29 15:27:30,877 [INFO] PluginManage:310 - Check plugin thirdparty
2026-05-29 15:27:30,968 [INFO] PluginManage:359 - Loaded plugin thirdparty (category:base,tabindex:-1)
2026-05-29 15:27:30,968 [WARN] IntegrityCheckThread:84 - waiting for thirdparty lock release [integrity check]
2026-05-29 15:27:30,968 [INFO] PluginManage:310 - Check plugin tools
2026-05-29 15:27:30,968 [INFO] IntegrityCheckThread:86 - entering critical section [integrity check]
2026-05-29 15:27:30,968 [INFO] ThirdPartyUpdaterWithRetryManager:70 - Updater plugin not ready yet. [1/15]
2026-05-29 15:27:30,970 [INFO] PluginManage:359 - Loaded plugin tools (category:base,tabindex:7)
2026-05-29 15:27:30,970 [INFO] PluginManage:310 - Check plugin tutovideos
2026-05-29 15:27:31,108 [INFO] PluginManage:359 - Loaded plugin tutovideos (category:base,tabindex:-1)
2026-05-29 15:27:31,108 [INFO] PluginManage:310 - Check plugin updater
2026-05-29 15:27:31,124 [INFO] PluginManage:359 - Loaded plugin updater (category:base,tabindex:12)
2026-05-29 15:27:31,124 [INFO] PluginManage:310 - Check plugin userauth
2026-05-29 15:27:31,127 [INFO] UserAuth:118 - Init User Auth plugin
2026-05-29 15:27:31,127 [INFO] PluginManage:359 - Loaded plugin userauth (category:base,tabindex:14)
2026-05-29 15:27:31,128 [INFO] PluginManage:283 - PluginManage : Loaded plugins [18]
2026-05-29 15:27:31,274 [INFO] PinOutPanel:1589 - setPackage(No Configuration,No Configuration)
2026-05-29 15:27:31,342 [INFO] CADModel:165 - CPN selected for project level
2026-05-29 15:27:31,342 [INFO] CADModel:114 - Register for checkConnection events
2026-05-29 15:27:31,355 [INFO] IPUIPlugin:80 - create IPUIPlugin
2026-05-29 15:27:31,355 [INFO] PluginManager:220 - loadIPPluginJar : add adc
2026-05-29 15:27:31,357 [INFO] IPUIPlugin:80 - create IPUIPlugin
2026-05-29 15:27:31,358 [INFO] PluginManager:220 - loadIPPluginJar : add aes
2026-05-29 15:27:31,360 [INFO] IPUIPlugin:80 - create IPUIPlugin
2026-05-29 15:27:31,360 [INFO] PluginManager:220 - loadIPPluginJar : add can
2026-05-29 15:27:31,361 [INFO] IPUIPlugin:80 - create IPUIPlugin
2026-05-29 15:27:31,361 [INFO] PluginManager:220 - loadIPPluginJar : add comp
2026-05-29 15:27:31,363 [INFO] IPUIPlugin:80 - create IPUIPlugin
2026-05-29 15:27:31,363 [INFO] PluginManager:220 - loadIPPluginJar : add cryp
2026-05-29 15:27:31,365 [INFO] IPUIPlugin:80 - create IPUIPlugin
2026-05-29 15:27:31,365 [INFO] PluginManager:220 - loadIPPluginJar : add ddr_ctrl_phy
2026-05-29 15:27:31,367 [INFO] IPUIPlugin:80 - create IPUIPlugin
2026-05-29 15:27:31,367 [INFO] PluginManager:220 - loadIPPluginJar : add dfsdm
2026-05-29 15:27:31,371 [INFO] IPUIPlugin:80 - create IPUIPlugin
2026-05-29 15:27:31,371 [INFO] PluginManager:220 - loadIPPluginJar : add dma
2026-05-29 15:27:31,372 [INFO] IPUIPlugin:80 - create IPUIPlugin
2026-05-29 15:27:31,373 [INFO] PluginManager:220 - loadIPPluginJar : add dma3
2026-05-29 15:27:31,374 [INFO] IPUIPlugin:80 - create IPUIPlugin
2026-05-29 15:27:31,374 [INFO] PluginManager:220 - loadIPPluginJar : add extmemmanager
2026-05-29 15:27:31,375 [INFO] IPUIPlugin:80 - create IPUIPlugin
2026-05-29 15:27:31,375 [INFO] PluginManager:220 - loadIPPluginJar : add fatfs
2026-05-29 15:27:31,380 [INFO] IPUIPlugin:80 - create IPUIPlugin
2026-05-29 15:27:31,380 [INFO] PluginManager:220 - loadIPPluginJar : add fmc
2026-05-29 15:27:31,384 [INFO] IPUIPlugin:80 - create IPUIPlugin
2026-05-29 15:27:31,385 [INFO] PluginManager:220 - loadIPPluginJar : add freertos
2026-05-29 15:27:31,386 [INFO] IPUIPlugin:80 - create IPUIPlugin
2026-05-29 15:27:31,386 [INFO] PluginManager:220 - loadIPPluginJar : add genericplugin
2026-05-29 15:27:31,388 [INFO] IPUIPlugin:80 - create IPUIPlugin
2026-05-29 15:27:31,388 [INFO] PluginManager:220 - loadIPPluginJar : add gfxmmu
2026-05-29 15:27:31,392 [INFO] IPUIPlugin:80 - create IPUIPlugin
2026-05-29 15:27:31,392 [INFO] PluginManager:220 - loadIPPluginJar : add gic
2026-05-29 15:27:31,395 [INFO] IPUIPlugin:80 - create IPUIPlugin
2026-05-29 15:27:31,395 [INFO] PluginManager:220 - loadIPPluginJar : add gpio
2026-05-29 15:27:31,397 [INFO] IPUIPlugin:80 - create IPUIPlugin
2026-05-29 15:27:31,397 [INFO] PluginManager:220 - loadIPPluginJar : add gtzc
2026-05-29 15:27:31,399 [INFO] IPUIPlugin:80 - create IPUIPlugin
2026-05-29 15:27:31,399 [INFO] PluginManager:220 - loadIPPluginJar : add hash
2026-05-29 15:27:31,401 [INFO] IPUIPlugin:80 - create IPUIPlugin
2026-05-29 15:27:31,402 [INFO] PluginManager:220 - loadIPPluginJar : add i2c
2026-05-29 15:27:31,404 [INFO] IPUIPlugin:80 - create IPUIPlugin
2026-05-29 15:27:31,405 [INFO] PluginManager:220 - loadIPPluginJar : add i2s
2026-05-29 15:27:31,407 [INFO] IPUIPlugin:80 - create IPUIPlugin
2026-05-29 15:27:31,408 [INFO] PluginManager:220 - loadIPPluginJar : add i3c
2026-05-29 15:27:31,411 [INFO] IPUIPlugin:80 - create IPUIPlugin
2026-05-29 15:27:31,412 [INFO] PluginManager:220 - loadIPPluginJar : add ipddr
2026-05-29 15:27:31,418 [INFO] IPUIPlugin:80 - create IPUIPlugin
2026-05-29 15:27:31,418 [INFO] PluginManager:220 - loadIPPluginJar : add linkedlist
2026-05-29 15:27:31,422 [INFO] IPUIPlugin:80 - create IPUIPlugin
2026-05-29 15:27:31,422 [INFO] PluginManager:220 - loadIPPluginJar : add lorawan
2026-05-29 15:27:31,423 [INFO] IPUIPlugin:80 - create IPUIPlugin
2026-05-29 15:27:31,423 [INFO] PluginManager:220 - loadIPPluginJar : add ltdc
2026-05-29 15:27:31,428 [INFO] IPUIPlugin:80 - create IPUIPlugin
2026-05-29 15:27:31,428 [INFO] PluginManager:220 - loadIPPluginJar : add mdma
2026-05-29 15:27:31,430 [INFO] IPUIPlugin:80 - create IPUIPlugin
2026-05-29 15:27:31,430 [INFO] PluginManager:220 - loadIPPluginJar : add nvic
2026-05-29 15:27:31,433 [INFO] IPUIPlugin:80 - create IPUIPlugin
2026-05-29 15:27:31,433 [INFO] PluginManager:220 - loadIPPluginJar : add opamp
2026-05-29 15:27:31,436 [INFO] IPUIPlugin:80 - create IPUIPlugin
2026-05-29 15:27:31,436 [INFO] PluginManager:220 - loadIPPluginJar : add openamp
2026-05-29 15:27:31,439 [INFO] IPUIPlugin:80 - create IPUIPlugin
2026-05-29 15:27:31,439 [INFO] PluginManager:220 - loadIPPluginJar : add pdm2pcm
2026-05-29 15:27:31,444 [INFO] IPUIPlugin:80 - create IPUIPlugin
2026-05-29 15:27:31,446 [INFO] PluginManager:220 - loadIPPluginJar : add plateformsettings
2026-05-29 15:27:31,447 [INFO] IPUIPlugin:80 - create IPUIPlugin
2026-05-29 15:27:31,447 [INFO] PluginManager:220 - loadIPPluginJar : add quadspi
2026-05-29 15:27:31,448 [INFO] IPUIPlugin:80 - create IPUIPlugin
2026-05-29 15:27:31,449 [INFO] PluginManager:220 - loadIPPluginJar : add radio
2026-05-29 15:27:31,452 [INFO] IPUIPlugin:80 - create IPUIPlugin
2026-05-29 15:27:31,452 [INFO] PluginManager:220 - loadIPPluginJar : add resmgrutility
2026-05-29 15:27:31,454 [INFO] IPUIPlugin:80 - create IPUIPlugin
2026-05-29 15:27:31,455 [INFO] PluginManager:220 - loadIPPluginJar : add sai
2026-05-29 15:27:31,456 [INFO] IPUIPlugin:80 - create IPUIPlugin
2026-05-29 15:27:31,456 [INFO] PluginManager:220 - loadIPPluginJar : add spi
2026-05-29 15:27:31,461 [INFO] IPUIPlugin:80 - create IPUIPlugin
2026-05-29 15:27:31,461 [INFO] PluginManager:220 - loadIPPluginJar : add stm32_wpan
2026-05-29 15:27:31,462 [INFO] IPUIPlugin:80 - create IPUIPlugin
2026-05-29 15:27:31,462 [INFO] PluginManager:220 - loadIPPluginJar : add tim
2026-05-29 15:27:31,465 [INFO] IPUIPlugin:80 - create IPUIPlugin
2026-05-29 15:27:31,465 [INFO] PluginManager:220 - loadIPPluginJar : add touchsensing
2026-05-29 15:27:31,468 [INFO] IPUIPlugin:80 - create IPUIPlugin
2026-05-29 15:27:31,468 [INFO] PluginManager:220 - loadIPPluginJar : add tracer_emb
2026-05-29 15:27:31,470 [INFO] IPUIPlugin:80 - create IPUIPlugin
2026-05-29 15:27:31,470 [INFO] PluginManager:220 - loadIPPluginJar : add ts
2026-05-29 15:27:31,470 [INFO] IPUIPlugin:80 - create IPUIPlugin
2026-05-29 15:27:31,470 [INFO] PluginManager:220 - loadIPPluginJar : add tsc
2026-05-29 15:27:31,473 [INFO] IPUIPlugin:80 - create IPUIPlugin
2026-05-29 15:27:31,473 [INFO] PluginManager:220 - loadIPPluginJar : add ucpd
2026-05-29 15:27:31,475 [INFO] IPUIPlugin:80 - create IPUIPlugin
2026-05-29 15:27:31,476 [INFO] PluginManager:220 - loadIPPluginJar : add usart
2026-05-29 15:27:31,478 [INFO] IPUIPlugin:80 - create IPUIPlugin
2026-05-29 15:27:31,478 [INFO] PluginManager:220 - loadIPPluginJar : add usbx
2026-05-29 15:27:31,590 [FATAL] Updater:351 - Updater called before beeing initialized
2026-05-29 15:27:31,611 [INFO] RulesReader:64 - Compatibility file has been processed (317 Rules)
2026-05-29 15:27:31,620 [INFO] RulesReader:64 - Compatibility file has been processed (317 Rules)
2026-05-29 15:27:31,630 [INFO] CADModel:165 - CPN selected for project level
2026-05-29 15:27:31,630 [INFO] CADModel:114 - Register for checkConnection events
2026-05-29 15:27:31,630 [FATAL] Updater:351 - Updater called before beeing initialized
2026-05-29 15:27:31,630 [ERROR] CADModel:125 - Updater not yet initialized, retry later 
2026-05-29 15:27:31,741 [FATAL] Updater:351 - Updater called before beeing initialized
2026-05-29 15:27:31,742 [INFO] CADModel:165 - CPN selected for project level
2026-05-29 15:27:31,742 [INFO] CADModel:114 - Register for checkConnection events
2026-05-29 15:27:31,742 [FATAL] Updater:351 - Updater called before beeing initialized
2026-05-29 15:27:31,742 [ERROR] CADModel:125 - Updater not yet initialized, retry later 
2026-05-29 15:27:31,745 [FATAL] Updater:351 - Updater called before beeing initialized
2026-05-29 15:27:31,830 [FATAL] Updater:351 - Updater called before beeing initialized
2026-05-29 15:27:31,834 [INFO] DbMcusAds:53 - JSON generation date=Thu Sep 30 12:25:09 IST 2021 (1632984909247)
2026-05-29 15:27:31,834 [FATAL] Updater:351 - Updater called before beeing initialized
2026-05-29 15:27:31,860 [WARN] DetailPanel:346 - Failed to get advertising image, set to default
2026-05-29 15:27:31,927 [FATAL] Updater:351 - Updater called before beeing initialized
2026-05-29 15:27:31,929 [FATAL] Updater:351 - Updater called before beeing initialized
2026-05-29 15:27:31,929 [FATAL] Updater:351 - Updater called before beeing initialized
2026-05-29 15:27:31,930 [WARN] DetailPanel:346 - Failed to get advertising image, set to default
2026-05-29 15:27:31,931 [FATAL] Updater:351 - Updater called before beeing initialized
2026-05-29 15:27:31,963 [ERROR] Updater:1198 - MainUpdater not yet initialized. External WinMGr cannot be set.
2026-05-29 15:27:31,964 [INFO] Updater:1134 - Updater Version found : 6.15.0
2026-05-29 15:27:31,976 [INFO] ApplicationProperties:184 - Using Application install path: C:\ST\STM32CubeIDE_1.19.0\STM32CubeIDE\plugins\com.st.stm32cube.common.mx_6.15.0.202507011659
2026-05-29 15:27:33,547 [ERROR] LogOutputStream:75 - [STDERR_REDIRECT] May 29, 2026 3:27:33 PM java.util.prefs.WindowsPreferences <init>
2026-05-29 15:27:33,548 [ERROR] LogOutputStream:75 - [STDERR_REDIRECT] WARNING: Could not open/create prefs root node Software\JavaSoft\Prefs at root 0xffffffff80000002. Windows RegCreateKeyEx(...) returned error code 5.
2026-05-29 15:27:33,548 [ERROR] LogOutputStream:75 - [STDERR_REDIRECT] 
2026-05-29 15:27:33,969 [INFO] ThirdPartyUpdaterWithRetryManager:70 - Updater plugin not ready yet. [2/15]
2026-05-29 15:27:34,109 [INFO] MainUpdater:2872 - connection check result : 10
2026-05-29 15:27:34,109 [INFO] MainUpdater:289 - Updater Check For Update Now.
2026-05-29 15:27:34,109 [INFO] MicroXplorer:498 - Change Database Version : DB.6.0.150
2026-05-29 15:27:34,114 [INFO] McuFinderGlobals:63 - Set McuFinder mode to 2 (CubeIDE integrated)
2026-05-29 15:27:34,116 [INFO] UserAuth:171 - activating auth plugin
2026-05-29 15:27:34,119 [INFO] UserAuth:487 - Internet connection configuration mode: 1
2026-05-29 15:27:34,141 [INFO] JxBrowserEngine:152 - Initiate JxBrowser Engine with user profile folder
2026-05-29 15:27:34,293 [INFO] CheckServerUpdateThread:120 - End of CheckServer Thread
2026-05-29 15:27:34,696 [INFO] WebApp:169 - Instantiating new browser for Auth
2026-05-29 15:27:35,207 [INFO] WebApp:463 - Apply proxy settings
2026-05-29 15:27:35,207 [INFO] WebApp:548 - Chromium requires no authentication
2026-05-29 15:27:35,216 [INFO] WebApp:491 - Direct internet connection detected
2026-05-29 15:27:35,231 [INFO] WebApp:900 - Register for checkConnection events
2026-05-29 15:27:35,231 [INFO] WebApp:463 - Apply proxy settings
2026-05-29 15:27:35,232 [INFO] WebApp:548 - Chromium requires no authentication
2026-05-29 15:27:35,232 [INFO] WebApp:491 - Direct internet connection detected
2026-05-29 15:27:35,342 [INFO] WebApp:225 - Starting web application
2026-05-29 15:27:35,343 [INFO] WebApp:593 - Web application path used C:\ST\STM32CubeIDE_1.19.0\STM32CubeIDE\plugins\com.st.stm32cube.common.mx_6.15.0.202507011659\db\plugins\mcufinder\reactClient1\index.html
2026-05-29 15:27:35,841 [INFO] WebApp:191 - Connection restablished
2026-05-29 15:27:37,257 [WARN] PackLoader:240 - Cannot read IP mode file for STMicroelectronics.X-CUBE-AZRTOS-H7.3.5.0
2026-05-29 15:27:37,270 [WARN] PackLoader:240 - Cannot read IP mode file for STMicroelectronics.FP-ATR-ASTRA1.2.0.2
2026-05-29 15:27:37,283 [WARN] PackLoader:240 - Cannot read IP mode file for STMicroelectronics.X-CUBE-SMBUS.2.1.0
2026-05-29 15:27:37,297 [WARN] PackLoader:240 - Cannot read IP mode file for STMicroelectronics.X-CUBE-AZRTOS-F7.1.1.0
2026-05-29 15:27:37,305 [WARN] PackLoader:240 - Cannot read IP mode file for STMicroelectronics.FP-SNS-MOTENV1.5.1.0
2026-05-29 15:27:37,318 [WARN] PackLoader:240 - Cannot read IP mode file for WES.I-CUBE-Cesium.1.4.0
2026-05-29 15:27:37,326 [WARN] PackLoader:240 - Cannot read IP mode file for STMicroelectronics.X-CUBE-DISPLAY.3.0.0
2026-05-29 15:27:37,341 [WARN] PackLoader:240 - Cannot read IP mode file for STMicroelectronics.X-CUBE-GNSS1.7.1.1
2026-05-29 15:27:37,345 [WARN] PackLoader:240 - Cannot read IP mode file for STMicroelectronics.FP-SNS-MOTENVWB1.1.5.0
2026-05-29 15:27:37,349 [WARN] PackLoader:240 - Cannot read IP mode file for wolfSSL.I-CUBE-wolfSSL.5.9.1
2026-05-29 15:27:37,355 [WARN] PackLoader:240 - Cannot read IP mode file for STMicroelectronics.X-CUBE-NFC10.1.0.0
2026-05-29 15:27:37,360 [WARN] PackLoader:240 - Cannot read IP mode file for STMicroelectronics.X-CUBE-ST60.1.1.0
2026-05-29 15:27:37,365 [WARN] PackLoader:240 - Cannot read IP mode file for emotas.I-CUBE-CANOPEN.1.3.0
2026-05-29 15:27:37,372 [WARN] PackLoader:240 - Cannot read IP mode file for STMicroelectronics.FP-SNS-STBOX1.2.1.0
2026-05-29 15:27:37,377 [WARN] PackLoader:240 - Cannot read IP mode file for STMicroelectronics.FP-SNS-SMARTAG2.1.2.0
2026-05-29 15:27:37,382 [WARN] PackLoader:240 - Cannot read IP mode file for STMicroelectronics.FP-SNS-FLIGHT1.5.1.0
2026-05-29 15:27:37,390 [INFO] LogOutputStream:77 - [STDOUT_REDIRECT] 1 : Invalid condition id : UX_CORESTACK_Condition cause : null
2026-05-29 15:27:37,392 [INFO] LogOutputStream:77 - [STDOUT_REDIRECT] 1 : Invalid condition id : UX_CORESTACK_Condition cause : null
2026-05-29 15:27:37,393 [INFO] LogOutputStream:77 - [STDOUT_REDIRECT] 1 : Invalid condition id : UX_CORESTACK_Condition cause : null
2026-05-29 15:27:37,395 [INFO] LogOutputStream:77 - [STDOUT_REDIRECT] 1 : Invalid condition id : UX_CORESTACK_Condition cause : null
2026-05-29 15:27:37,396 [INFO] LogOutputStream:77 - [STDOUT_REDIRECT] 1 : Invalid condition id : UX_CORESTACK_Condition cause : null
2026-05-29 15:27:37,397 [WARN] PackLoader:240 - Cannot read IP mode file for STMicroelectronics.X-CUBE-AZRTOS-WL.2.0.0
2026-05-29 15:27:37,411 [WARN] PackLoader:240 - Cannot read IP mode file for STMicroelectronics.X-CUBE-AZRTOS-H7RS.1.2.0
2026-05-29 15:27:37,418 [WARN] PackLoader:240 - Cannot read IP mode file for STMicroelectronics.X-CUBE-BLE2.3.3.0
2026-05-29 15:27:37,468 [WARN] PackLoader:240 - Cannot read IP mode file for Infineon.AIROC-Wi-Fi-Bluetooth-STM32.1.8.0
2026-05-29 15:27:37,478 [WARN] PackLoader:240 - Cannot read IP mode file for STMicroelectronics.X-CUBE-NFC9.1.0.0
2026-05-29 15:27:37,483 [WARN] PackLoader:240 - Cannot read IP mode file for STMicroelectronics.X-CUBE-BLE1.7.1.0
2026-05-29 15:27:37,487 [WARN] PackLoader:240 - Cannot read IP mode file for wolfSSL.I-CUBE-wolfMQTT.1.19.2
2026-05-29 15:27:37,493 [WARN] PackLoader:240 - Cannot read IP mode file for STMicroelectronics.X-CUBE-EEPRMA1.5.2.0
2026-05-29 15:27:37,499 [WARN] PackLoader:240 - Cannot read IP mode file for STMicroelectronics.FP-SNS-STAIOTCFT.1.1.0
2026-05-29 15:27:37,514 [WARN] PackLoader:240 - Cannot read IP mode file for STMicroelectronics.X-CUBE-AZRTOS-G0.1.1.0
2026-05-29 15:27:37,520 [WARN] PackLoader:240 - Cannot read IP mode file for STMicroelectronics.X-CUBE-NFC4.3.0.0
2026-05-29 15:27:37,527 [WARN] PackLoader:240 - Cannot read IP mode file for EmbeddedOffice.I-CUBE-FS-RTOS.1.0.1
2026-05-29 15:27:37,530 [WARN] PackLoader:240 - Cannot read IP mode file for wolfSSL.I-CUBE-wolfTPM.3.8.0
2026-05-29 15:27:37,535 [WARN] PackLoader:240 - Cannot read IP mode file for STMicroelectronics.X-CUBE-TCPP.4.2.0
2026-05-29 15:27:37,541 [WARN] PackLoader:240 - Cannot read IP mode file for RealThread.X-CUBE-RT-Thread_Nano.4.1.1
2026-05-29 15:27:37,544 [WARN] PackLoader:240 - Cannot read IP mode file for STMicroelectronics.FP-ATR-SIGFOX1.3.2.0
2026-05-29 15:27:37,549 [WARN] PackLoader:240 - Cannot read IP mode file for STMicroelectronics.X-CUBE-FREERTOS.1.5.0
2026-05-29 15:27:37,556 [WARN] PackLoader:240 - Cannot read IP mode file for ITTIA_DB.I-CUBE-ITTIADB.8.9.0
2026-05-29 15:27:37,560 [WARN] PackLoader:240 - Cannot read IP mode file for Cesanta.I-CUBE-Mongoose.7.21.7
2026-05-29 15:27:37,567 [WARN] PackLoader:240 - Cannot read IP mode file for STMicroelectronics.X-CUBE-NFC6.3.2.0
2026-05-29 15:27:37,574 [WARN] PackLoader:240 - Cannot read IP mode file for STMicroelectronics.X-CUBE-AI.10.2.0
2026-05-29 15:27:37,602 [WARN] PackLoader:240 - Cannot read IP mode file for STMicroelectronics.X-CUBE-MEMS1.12.1.0
2026-05-29 15:27:37,730 [WARN] PackLoader:240 - Cannot read IP mode file for SEGGER.I-CUBE-embOS.1.3.1
2026-05-29 15:27:37,755 [WARN] PackLoader:240 - Cannot read IP mode file for STMicroelectronics.X-CUBE-PM33A1.1.0.0
2026-05-29 15:27:37,766 [WARN] PackLoader:240 - Cannot read IP mode file for STMicroelectronics.X-CUBE-AZRTOS-F4.1.1.0
2026-05-29 15:27:37,771 [WARN] PackLoader:240 - Cannot read IP mode file for STMicroelectronics.X-CUBE-ISPU.2.1.0
2026-05-29 15:27:37,778 [WARN] PackLoader:240 - Cannot read IP mode file for STMicroelectronics.X-CUBE-IPS.3.2.0
2026-05-29 15:27:37,785 [WARN] PackLoader:240 - Cannot read IP mode file for STMicroelectronics.eDS-WB_DPC_TT-BIDIR.2.1.1
2026-05-29 15:27:37,789 [WARN] PackLoader:240 - Cannot read IP mode file for STMicroelectronics.X-CUBE-NFC12.1.0.0
2026-05-29 15:27:37,798 [WARN] PackLoader:240 - Cannot read IP mode file for STMicroelectronics.X-CUBE-AZRTOS-L5.2.0.0
2026-05-29 15:27:37,804 [WARN] PackLoader:240 - Cannot read IP mode file for STMicroelectronics.X-CUBE-ALGOBUILD.1.5.0
2026-05-29 15:27:37,807 [WARN] PackLoader:240 - Cannot read IP mode file for STMicroelectronics.eDS-WB_DPC_VIENNA.1.2.0
2026-05-29 15:27:37,810 [WARN] PackLoader:240 - Cannot read IP mode file for STMicroelectronics.eDS-WB_DPC_3PH2L-BIDIR.1.1.1
2026-05-29 15:27:37,813 [ERROR] Engine:466 - C:\Users\HP\.stm32cubemx\thirdparties\pdsc\STMicroelectronics.X-CUBE-ST67W61.1.3.0.pdsc: PDSC version is not supported
2026-05-29 15:27:37,819 [WARN] PackLoader:240 - Cannot read IP mode file for STMicroelectronics.X-CUBE-TOUCHGFX.4.26.1
2026-05-29 15:27:37,823 [WARN] PackLoader:240 - Cannot read IP mode file for STMicroelectronics.X-CUBE-DPower.1.3.0
2026-05-29 15:27:37,832 [WARN] ConditionMgr:438 - getConditionDescription Invalid condition id : LAN8742 Phy interface Condition cause : null
2026-05-29 15:27:37,832 [WARN] PackLoader:240 - Cannot read IP mode file for STMicroelectronics.X-CUBE-AZRTOS-L4.2.0.0
2026-05-29 15:27:37,833 [WARN] ConditionMgr:1044 - genDependencies : Invalid condition id : LAN8742 Phy interface Condition cause : null
2026-05-29 15:27:37,833 [WARN] ConditionMgr:1044 - genDependencies : Invalid condition id : LAN8742 Phy interface Condition cause : null
2026-05-29 15:27:37,834 [WARN] ConditionMgr:1044 - genDependencies : Invalid condition id : LAN8742 Phy interface Condition cause : null
2026-05-29 15:27:37,843 [WARN] PackLoader:240 - Cannot read IP mode file for STMicroelectronics.X-CUBE-SFXS2LP1.4.0.0
2026-05-29 15:27:37,847 [WARN] PackLoader:240 - Cannot read IP mode file for STMicroelectronics.X-CUBE-WB05N.2.1.0
2026-05-29 15:27:37,854 [WARN] PackLoader:240 - Cannot read IP mode file for STMicroelectronics.X-CUBE-BLEMGR.4.1.0
2026-05-29 15:27:37,862 [WARN] ConditionMgr:438 - getConditionDescription Invalid condition id : UX DEVICE CLASS RTOS Condition cause : null
2026-05-29 15:27:37,862 [WARN] ConditionMgr:438 - getConditionDescription Invalid condition id : UX DEVICE CLASS RTOS Condition cause : null
2026-05-29 15:27:37,863 [WARN] PackLoader:240 - Cannot read IP mode file for STMicroelectronics.X-CUBE-AZRTOS-WB.2.0.0
2026-05-29 15:27:37,863 [WARN] ConditionMgr:1044 - genDependencies : Invalid condition id : UX DEVICE CLASS RTOS Condition cause : null
2026-05-29 15:27:37,863 [WARN] ConditionMgr:1044 - genDependencies : Invalid condition id : UX DEVICE CLASS RTOS Condition cause : null
2026-05-29 15:27:37,863 [WARN] ConditionMgr:1044 - genDependencies : Invalid condition id : UX DEVICE CLASS RTOS Condition cause : null
2026-05-29 15:27:37,864 [WARN] ConditionMgr:1044 - genDependencies : Invalid condition id : UX DEVICE CLASS RTOS Condition cause : null
2026-05-29 15:27:37,864 [WARN] ConditionMgr:1044 - genDependencies : Invalid condition id : UX DEVICE CLASS RTOS Condition cause : null
2026-05-29 15:27:37,867 [WARN] ConditionMgr:438 - getConditionDescription Invalid condition id : Cortex-A Device cause : null
2026-05-29 15:27:37,874 [WARN] ConditionMgr:1044 - genDependencies : Invalid condition id : Cortex-A Device cause : null
2026-05-29 15:27:37,875 [WARN] ConditionMgr:1044 - genDependencies : Invalid condition id : Cortex-A Device cause : null
2026-05-29 15:27:37,875 [WARN] ConditionMgr:1044 - genDependencies : Invalid condition id : Cortex-A Device cause : null
2026-05-29 15:27:37,879 [WARN] PackLoader:240 - Cannot read IP mode file for STMicroelectronics.X-CUBE-STSE01.2.0.0
2026-05-29 15:27:37,885 [WARN] PackLoader:240 - Cannot read IP mode file for STMicroelectronics.X-CUBE-SUBG2.5.0.0
2026-05-29 15:27:37,895 [WARN] PackLoader:240 - Cannot read IP mode file for STMicroelectronics.X-CUBE-AZRTOS-G4.2.0.0
2026-05-29 15:27:37,899 [WARN] PackLoader:240 - Cannot read IP mode file for wolfSSL.I-CUBE-wolfSSH.1.4.20
2026-05-29 15:27:37,903 [WARN] PackLoader:240 - Cannot read IP mode file for STMicroelectronics.X-CUBE-NFC7.2.0.0
2026-05-29 15:27:37,907 [WARN] PackLoader:240 - Cannot read IP mode file for STMicroelectronics.X-CUBE-ALS.1.0.2
2026-05-29 15:27:37,913 [WARN] PackLoader:240 - Cannot read IP mode file for STMicroelectronics.X-CUBE-TOF1.3.4.3
2026-05-29 15:27:37,920 [INFO] ThirdParty:978 - Integrity check success = true
2026-05-29 15:27:37,920 [INFO] IntegrityCheckThread:100 - exiting critical section [integrity check]
2026-05-29 15:27:37,920 [INFO] IntegrityCheckThread:103 - End integrity checks thread
2026-05-29 15:46:20,588 [ERROR] LogOutputStream:75 - [STDERR_REDIRECT] 
2026-05-29 15:46:20,590 [ERROR] LogOutputStream:75 - [STDERR_REDIRECT] 
2026-05-29 15:46:34,517 [INFO] Activator:176 - 


2026-05-29 15:46:34,517 [INFO] Activator:177 - !SESSION log4j initialized
2026-05-29 15:46:37,897 [INFO] LogOutputStream:77 - [STDOUT_REDIRECT] 
2026-05-29 15:46:39,220 [INFO] ApplicationProperties:184 - Using Application install path: C:\ST\STM32CubeIDE_1.19.0\STM32CubeIDE\plugins\com.st.stm32cube.common.mx_6.15.0.202507011659
2026-05-29 15:46:39,237 [INFO] DbMcusXml:78 - Set database path to: C:\ST\STM32CubeIDE_1.19.0\STM32CubeIDE\plugins\com.st.stm32cube.common.mx_6.15.0.202507011659\\db\/mcu/
2026-05-29 15:46:39,237 [INFO] ApiDb:274 - Set plugin database path to: C:\ST\STM32CubeIDE_1.19.0\STM32CubeIDE\plugins\com.st.stm32cube.common.mx_6.15.0.202507011659\\db\/plugins/boardmanager/
2026-05-29 15:46:39,238 [WARN] ApiDb:259 - Overriding images path with different value:  => C:\ST\STM32CubeIDE_1.19.0\STM32CubeIDE\plugins\com.st.stm32cube.common.mx_6.15.0.202507011659\\db\/plugins/mcufinder/images/
2026-05-29 15:46:39,242 [INFO] ApiDb:250 - Set database path to: C:\Users\HP\.stmcufinder\plugins\mcufinder//mcu/
2026-05-29 15:46:39,243 [INFO] DbMcusAds:125 - Set database path to: C:\Users\HP\.stmcufinder\plugins\mcufinder//mcu/
2026-05-29 15:46:39,244 [INFO] CrossReferenceDbSqlite:203 - Set database path to: C:\Users\HP\.stmcufinder\plugins\mcufinder//mcu/cs/
2026-05-29 15:46:39,338 [INFO] RulesReader:64 - Compatibility file has been processed (317 Rules)
2026-05-29 15:46:39,398 [INFO] DbMcusXml:78 - Set database path to: C:\ST\STM32CubeIDE_1.19.0\STM32CubeIDE\plugins\com.st.stm32cube.common.mx_6.15.0.202507011659\\db\/mcu/
2026-05-29 15:46:39,398 [INFO] ApiDb:274 - Set plugin database path to: C:\ST\STM32CubeIDE_1.19.0\STM32CubeIDE\plugins\com.st.stm32cube.common.mx_6.15.0.202507011659\\db\/plugins/boardmanager/
2026-05-29 15:46:39,398 [INFO] ApiDb:261 - Set plugin images path to: C:\ST\STM32CubeIDE_1.19.0\STM32CubeIDE\plugins\com.st.stm32cube.common.mx_6.15.0.202507011659\\db\/plugins/mcufinder/images/
2026-05-29 15:46:39,398 [WARN] DbFile:41 - Overriding database path with different value: C:\Users\HP\.stmcufinder\plugins\mcufinder/ => C:\Users\HP\.stmcufinder\plugins\mcufinder
2026-05-29 15:46:39,399 [INFO] ApiDb:250 - Set database path to: C:\Users\HP\.stmcufinder\plugins\mcufinder//mcu/
2026-05-29 15:46:39,399 [WARN] DbFile:41 - Overriding database path with different value: C:\Users\HP\.stmcufinder\plugins\mcufinder/ => C:\Users\HP\.stmcufinder\plugins\mcufinder
2026-05-29 15:46:39,399 [INFO] DbMcusAds:125 - Set database path to: C:\Users\HP\.stmcufinder\plugins\mcufinder//mcu/
2026-05-29 15:46:39,399 [WARN] DbFile:41 - Overriding database path with different value: C:\Users\HP\.stmcufinder\plugins\mcufinder/ => C:\Users\HP\.stmcufinder\plugins\mcufinder
2026-05-29 15:46:39,399 [WARN] DbFile:41 - Overriding database path with different value: C:\Users\HP\.stmcufinder\plugins\mcufinder/ => C:\Users\HP\.stmcufinder\plugins\mcufinder
2026-05-29 15:46:39,399 [INFO] CrossReferenceDbSqlite:203 - Set database path to: C:\Users\HP\.stmcufinder\plugins\mcufinder//mcu/cs/
2026-05-29 15:46:39,452 [INFO] MainPanel:274 - HeapMemory: 268435456
2026-05-29 15:46:39,515 [INFO] DbMcusXml:78 - Set database path to: C:\ST\STM32CubeIDE_1.19.0\STM32CubeIDE\plugins\com.st.stm32cube.common.mx_6.15.0.202507011659\\db\/mcu/
2026-05-29 15:46:39,515 [INFO] ApiDb:274 - Set plugin database path to: C:\ST\STM32CubeIDE_1.19.0\STM32CubeIDE\plugins\com.st.stm32cube.common.mx_6.15.0.202507011659\\db\/plugins/boardmanager/
2026-05-29 15:46:39,515 [INFO] ApiDb:261 - Set plugin images path to: C:\ST\STM32CubeIDE_1.19.0\STM32CubeIDE\plugins\com.st.stm32cube.common.mx_6.15.0.202507011659\\db\/plugins/mcufinder/images/
2026-05-29 15:46:39,515 [WARN] DbFile:41 - Overriding database path with different value: C:\Users\HP\.stmcufinder\plugins\mcufinder/ => C:\Users\HP\.stmcufinder\plugins\mcufinder
2026-05-29 15:46:39,515 [INFO] ApiDb:250 - Set database path to: C:\Users\HP\.stmcufinder\plugins\mcufinder//mcu/
2026-05-29 15:46:39,515 [WARN] DbFile:41 - Overriding database path with different value: C:\Users\HP\.stmcufinder\plugins\mcufinder/ => C:\Users\HP\.stmcufinder\plugins\mcufinder
2026-05-29 15:46:39,515 [INFO] DbMcusAds:125 - Set database path to: C:\Users\HP\.stmcufinder\plugins\mcufinder//mcu/
2026-05-29 15:46:39,516 [WARN] DbFile:41 - Overriding database path with different value: C:\Users\HP\.stmcufinder\plugins\mcufinder/ => C:\Users\HP\.stmcufinder\plugins\mcufinder
2026-05-29 15:46:39,516 [WARN] DbFile:41 - Overriding database path with different value: C:\Users\HP\.stmcufinder\plugins\mcufinder/ => C:\Users\HP\.stmcufinder\plugins\mcufinder
2026-05-29 15:46:39,516 [INFO] CrossReferenceDbSqlite:203 - Set database path to: C:\Users\HP\.stmcufinder\plugins\mcufinder//mcu/cs/
2026-05-29 15:46:39,529 [INFO] ApplicationProperties:184 - Using Application install path: C:\ST\STM32CubeIDE_1.19.0\STM32CubeIDE\plugins\com.st.stm32cube.common.mx_6.15.0.202507011659
2026-05-29 15:46:39,531 [INFO] PluginManage:196 - Search for loadable plugins [exclusion list=, ]
2026-05-29 15:46:39,532 [INFO] PluginManage:310 - Check plugin analytics
2026-05-29 15:46:39,732 [INFO] AnalyticsPlugin:253 - Accepted Software Licenses: 
2026-05-29 15:46:39,733 [INFO] AnalyticsPlugin:255 - Accepted CMSIS Pack Licenses: 
2026-05-29 15:46:39,733 [INFO] AnalyticsPlugin:257 - Accepted Firmware Licenses: 
2026-05-29 15:46:39,739 [INFO] PluginManage:359 - Loaded plugin analytics (category:tool,tabindex:-1)
2026-05-29 15:46:39,740 [INFO] PluginManage:310 - Check plugin cadmodel
2026-05-29 15:46:39,745 [INFO] CADModel:105 - Init CAD model plugin
2026-05-29 15:46:39,746 [INFO] PluginManage:359 - Loaded plugin cadmodel (category:power,tabindex:5)
2026-05-29 15:46:39,746 [INFO] PluginManage:310 - Check plugin clock
2026-05-29 15:46:39,756 [INFO] PluginManage:359 - Loaded plugin clock (category:base,tabindex:2)
2026-05-29 15:46:39,757 [INFO] PluginManage:310 - Check plugin ddr
2026-05-29 15:46:39,759 [INFO] PluginManage:359 - Loaded plugin ddr (category:tool,tabindex:6)
2026-05-29 15:46:39,759 [INFO] PluginManage:310 - Check plugin filemanager
2026-05-29 15:46:39,883 [INFO] PluginManage:359 - Loaded plugin filemanager (category:base,tabindex:10)
2026-05-29 15:46:39,883 [INFO] PluginManage:310 - Check plugin ipmanager
2026-05-29 15:46:39,890 [INFO] PluginManage:359 - Loaded plugin ipmanager (category:base,tabindex:5)
2026-05-29 15:46:39,890 [INFO] PluginManage:310 - Check plugin lpbam
2026-05-29 15:46:39,897 [INFO] PluginManage:359 - Loaded plugin lpbam (category:base,tabindex:0)
2026-05-29 15:46:39,897 [INFO] PluginManage:310 - Check plugin memorymap
2026-05-29 15:46:39,908 [INFO] PluginManage:359 - Loaded plugin memorymap (category:base,tabindex:4)
2026-05-29 15:46:39,908 [INFO] PluginManage:310 - Check plugin pinoutandconfiguration
2026-05-29 15:46:39,914 [INFO] PluginManage:359 - Loaded plugin pinoutandconfiguration (category:base,tabindex:1)
2026-05-29 15:46:39,914 [INFO] PluginManage:310 - Check plugin pinoutconfig
2026-05-29 15:46:39,989 [WARN] SupportedApi:132 - Cannot load RTOS API schema: s4s-elt-must-match.1: The content of 'definitions' must match (annotation?, (simpleType | complexType)?, (unique | key | keyref)*)). A problem was found starting at: attribute.
2026-05-29 15:46:40,098 [INFO] PluginManage:359 - Loaded plugin pinoutconfig (category:base,tabindex:0)
2026-05-29 15:46:40,098 [INFO] PluginManage:310 - Check plugin power
2026-05-29 15:46:40,104 [INFO] PluginManage:359 - Loaded plugin power (category:power,tabindex:4)
2026-05-29 15:46:40,104 [INFO] PluginManage:310 - Check plugin projectmanager
2026-05-29 15:46:40,116 [INFO] PluginManage:359 - Loaded plugin projectmanager (category:projectmanager,tabindex:4)
2026-05-29 15:46:40,117 [INFO] PluginManage:310 - Check plugin rif
2026-05-29 15:46:40,123 [INFO] PluginManage:359 - Loaded plugin rif (category:base,tabindex:3)
2026-05-29 15:46:40,123 [INFO] PluginManage:310 - Check plugin thirdparty
2026-05-29 15:46:40,219 [INFO] PluginManage:359 - Loaded plugin thirdparty (category:base,tabindex:-1)
2026-05-29 15:46:40,219 [WARN] IntegrityCheckThread:84 - waiting for thirdparty lock release [integrity check]
2026-05-29 15:46:40,220 [INFO] IntegrityCheckThread:86 - entering critical section [integrity check]
2026-05-29 15:46:40,220 [INFO] PluginManage:310 - Check plugin tools
2026-05-29 15:46:40,220 [INFO] ThirdPartyUpdaterWithRetryManager:70 - Updater plugin not ready yet. [1/15]
2026-05-29 15:46:40,224 [INFO] PluginManage:359 - Loaded plugin tools (category:base,tabindex:7)
2026-05-29 15:46:40,224 [INFO] PluginManage:310 - Check plugin tutovideos
2026-05-29 15:46:40,374 [INFO] PluginManage:359 - Loaded plugin tutovideos (category:base,tabindex:-1)
2026-05-29 15:46:40,374 [INFO] PluginManage:310 - Check plugin updater
2026-05-29 15:46:40,392 [INFO] PluginManage:359 - Loaded plugin updater (category:base,tabindex:12)
2026-05-29 15:46:40,392 [INFO] PluginManage:310 - Check plugin userauth
2026-05-29 15:46:40,395 [INFO] UserAuth:118 - Init User Auth plugin
2026-05-29 15:46:40,396 [INFO] PluginManage:359 - Loaded plugin userauth (category:base,tabindex:14)
2026-05-29 15:46:40,397 [INFO] PluginManage:283 - PluginManage : Loaded plugins [18]
2026-05-29 15:46:40,553 [INFO] PinOutPanel:1589 - setPackage(No Configuration,No Configuration)
2026-05-29 15:46:40,616 [INFO] CADModel:165 - CPN selected for project level
2026-05-29 15:46:40,616 [INFO] CADModel:114 - Register for checkConnection events
2026-05-29 15:46:40,629 [INFO] IPUIPlugin:80 - create IPUIPlugin
2026-05-29 15:46:40,629 [INFO] PluginManager:220 - loadIPPluginJar : add adc
2026-05-29 15:46:40,631 [INFO] IPUIPlugin:80 - create IPUIPlugin
2026-05-29 15:46:40,631 [INFO] PluginManager:220 - loadIPPluginJar : add aes
2026-05-29 15:46:40,633 [INFO] IPUIPlugin:80 - create IPUIPlugin
2026-05-29 15:46:40,634 [INFO] PluginManager:220 - loadIPPluginJar : add can
2026-05-29 15:46:40,636 [INFO] IPUIPlugin:80 - create IPUIPlugin
2026-05-29 15:46:40,636 [INFO] PluginManager:220 - loadIPPluginJar : add comp
2026-05-29 15:46:40,637 [INFO] IPUIPlugin:80 - create IPUIPlugin
2026-05-29 15:46:40,637 [INFO] PluginManager:220 - loadIPPluginJar : add cryp
2026-05-29 15:46:40,638 [INFO] IPUIPlugin:80 - create IPUIPlugin
2026-05-29 15:46:40,639 [INFO] PluginManager:220 - loadIPPluginJar : add ddr_ctrl_phy
2026-05-29 15:46:40,640 [INFO] IPUIPlugin:80 - create IPUIPlugin
2026-05-29 15:46:40,640 [INFO] PluginManager:220 - loadIPPluginJar : add dfsdm
2026-05-29 15:46:40,645 [INFO] IPUIPlugin:80 - create IPUIPlugin
2026-05-29 15:46:40,646 [INFO] PluginManager:220 - loadIPPluginJar : add dma
2026-05-29 15:46:40,648 [INFO] IPUIPlugin:80 - create IPUIPlugin
2026-05-29 15:46:40,648 [INFO] PluginManager:220 - loadIPPluginJar : add dma3
2026-05-29 15:46:40,649 [INFO] IPUIPlugin:80 - create IPUIPlugin
2026-05-29 15:46:40,650 [INFO] PluginManager:220 - loadIPPluginJar : add extmemmanager
2026-05-29 15:46:40,651 [INFO] IPUIPlugin:80 - create IPUIPlugin
2026-05-29 15:46:40,651 [INFO] PluginManager:220 - loadIPPluginJar : add fatfs
2026-05-29 15:46:40,655 [INFO] IPUIPlugin:80 - create IPUIPlugin
2026-05-29 15:46:40,655 [INFO] PluginManager:220 - loadIPPluginJar : add fmc
2026-05-29 15:46:40,659 [INFO] IPUIPlugin:80 - create IPUIPlugin
2026-05-29 15:46:40,659 [INFO] PluginManager:220 - loadIPPluginJar : add freertos
2026-05-29 15:46:40,661 [INFO] IPUIPlugin:80 - create IPUIPlugin
2026-05-29 15:46:40,661 [INFO] PluginManager:220 - loadIPPluginJar : add genericplugin
2026-05-29 15:46:40,662 [INFO] IPUIPlugin:80 - create IPUIPlugin
2026-05-29 15:46:40,662 [INFO] PluginManager:220 - loadIPPluginJar : add gfxmmu
2026-05-29 15:46:40,667 [INFO] IPUIPlugin:80 - create IPUIPlugin
2026-05-29 15:46:40,667 [INFO] PluginManager:220 - loadIPPluginJar : add gic
2026-05-29 15:46:40,670 [INFO] IPUIPlugin:80 - create IPUIPlugin
2026-05-29 15:46:40,670 [INFO] PluginManager:220 - loadIPPluginJar : add gpio
2026-05-29 15:46:40,672 [INFO] IPUIPlugin:80 - create IPUIPlugin
2026-05-29 15:46:40,672 [INFO] PluginManager:220 - loadIPPluginJar : add gtzc
2026-05-29 15:46:40,674 [INFO] IPUIPlugin:80 - create IPUIPlugin
2026-05-29 15:46:40,674 [INFO] PluginManager:220 - loadIPPluginJar : add hash
2026-05-29 15:46:40,676 [INFO] IPUIPlugin:80 - create IPUIPlugin
2026-05-29 15:46:40,677 [INFO] PluginManager:220 - loadIPPluginJar : add i2c
2026-05-29 15:46:40,678 [INFO] IPUIPlugin:80 - create IPUIPlugin
2026-05-29 15:46:40,679 [INFO] PluginManager:220 - loadIPPluginJar : add i2s
2026-05-29 15:46:40,681 [INFO] IPUIPlugin:80 - create IPUIPlugin
2026-05-29 15:46:40,682 [INFO] PluginManager:220 - loadIPPluginJar : add i3c
2026-05-29 15:46:40,684 [INFO] IPUIPlugin:80 - create IPUIPlugin
2026-05-29 15:46:40,685 [INFO] PluginManager:220 - loadIPPluginJar : add ipddr
2026-05-29 15:46:40,691 [INFO] IPUIPlugin:80 - create IPUIPlugin
2026-05-29 15:46:40,691 [INFO] PluginManager:220 - loadIPPluginJar : add linkedlist
2026-05-29 15:46:40,695 [INFO] IPUIPlugin:80 - create IPUIPlugin
2026-05-29 15:46:40,695 [INFO] PluginManager:220 - loadIPPluginJar : add lorawan
2026-05-29 15:46:40,696 [INFO] IPUIPlugin:80 - create IPUIPlugin
2026-05-29 15:46:40,696 [INFO] PluginManager:220 - loadIPPluginJar : add ltdc
2026-05-29 15:46:40,701 [INFO] IPUIPlugin:80 - create IPUIPlugin
2026-05-29 15:46:40,701 [INFO] PluginManager:220 - loadIPPluginJar : add mdma
2026-05-29 15:46:40,705 [INFO] IPUIPlugin:80 - create IPUIPlugin
2026-05-29 15:46:40,705 [INFO] PluginManager:220 - loadIPPluginJar : add nvic
2026-05-29 15:46:40,708 [INFO] IPUIPlugin:80 - create IPUIPlugin
2026-05-29 15:46:40,708 [INFO] PluginManager:220 - loadIPPluginJar : add opamp
2026-05-29 15:46:40,711 [INFO] IPUIPlugin:80 - create IPUIPlugin
2026-05-29 15:46:40,712 [INFO] PluginManager:220 - loadIPPluginJar : add openamp
2026-05-29 15:46:40,714 [INFO] IPUIPlugin:80 - create IPUIPlugin
2026-05-29 15:46:40,714 [INFO] PluginManager:220 - loadIPPluginJar : add pdm2pcm
2026-05-29 15:46:40,720 [INFO] IPUIPlugin:80 - create IPUIPlugin
2026-05-29 15:46:40,722 [INFO] PluginManager:220 - loadIPPluginJar : add plateformsettings
2026-05-29 15:46:40,724 [INFO] IPUIPlugin:80 - create IPUIPlugin
2026-05-29 15:46:40,724 [INFO] PluginManager:220 - loadIPPluginJar : add quadspi
2026-05-29 15:46:40,725 [INFO] IPUIPlugin:80 - create IPUIPlugin
2026-05-29 15:46:40,726 [INFO] PluginManager:220 - loadIPPluginJar : add radio
2026-05-29 15:46:40,729 [INFO] IPUIPlugin:80 - create IPUIPlugin
2026-05-29 15:46:40,730 [INFO] PluginManager:220 - loadIPPluginJar : add resmgrutility
2026-05-29 15:46:40,732 [INFO] IPUIPlugin:80 - create IPUIPlugin
2026-05-29 15:46:40,732 [INFO] PluginManager:220 - loadIPPluginJar : add sai
2026-05-29 15:46:40,735 [INFO] IPUIPlugin:80 - create IPUIPlugin
2026-05-29 15:46:40,735 [INFO] PluginManager:220 - loadIPPluginJar : add spi
2026-05-29 15:46:40,740 [INFO] IPUIPlugin:80 - create IPUIPlugin
2026-05-29 15:46:40,740 [INFO] PluginManager:220 - loadIPPluginJar : add stm32_wpan
2026-05-29 15:46:40,742 [INFO] IPUIPlugin:80 - create IPUIPlugin
2026-05-29 15:46:40,742 [INFO] PluginManager:220 - loadIPPluginJar : add tim
2026-05-29 15:46:40,744 [INFO] IPUIPlugin:80 - create IPUIPlugin
2026-05-29 15:46:40,744 [INFO] PluginManager:220 - loadIPPluginJar : add touchsensing
2026-05-29 15:46:40,746 [INFO] IPUIPlugin:80 - create IPUIPlugin
2026-05-29 15:46:40,746 [INFO] PluginManager:220 - loadIPPluginJar : add tracer_emb
2026-05-29 15:46:40,748 [INFO] IPUIPlugin:80 - create IPUIPlugin
2026-05-29 15:46:40,748 [INFO] PluginManager:220 - loadIPPluginJar : add ts
2026-05-29 15:46:40,749 [INFO] IPUIPlugin:80 - create IPUIPlugin
2026-05-29 15:46:40,750 [INFO] PluginManager:220 - loadIPPluginJar : add tsc
2026-05-29 15:46:40,751 [INFO] IPUIPlugin:80 - create IPUIPlugin
2026-05-29 15:46:40,751 [INFO] PluginManager:220 - loadIPPluginJar : add ucpd
2026-05-29 15:46:40,754 [INFO] IPUIPlugin:80 - create IPUIPlugin
2026-05-29 15:46:40,754 [INFO] PluginManager:220 - loadIPPluginJar : add usart
2026-05-29 15:46:40,756 [INFO] IPUIPlugin:80 - create IPUIPlugin
2026-05-29 15:46:40,756 [INFO] PluginManager:220 - loadIPPluginJar : add usbx
2026-05-29 15:46:40,866 [FATAL] Updater:351 - Updater called before beeing initialized
2026-05-29 15:46:40,897 [INFO] RulesReader:64 - Compatibility file has been processed (317 Rules)
2026-05-29 15:46:40,906 [INFO] RulesReader:64 - Compatibility file has been processed (317 Rules)
2026-05-29 15:46:40,919 [INFO] CADModel:165 - CPN selected for project level
2026-05-29 15:46:40,920 [INFO] CADModel:114 - Register for checkConnection events
2026-05-29 15:46:40,920 [FATAL] Updater:351 - Updater called before beeing initialized
2026-05-29 15:46:40,921 [ERROR] CADModel:125 - Updater not yet initialized, retry later 
2026-05-29 15:46:41,033 [FATAL] Updater:351 - Updater called before beeing initialized
2026-05-29 15:46:41,034 [INFO] CADModel:165 - CPN selected for project level
2026-05-29 15:46:41,034 [INFO] CADModel:114 - Register for checkConnection events
2026-05-29 15:46:41,034 [FATAL] Updater:351 - Updater called before beeing initialized
2026-05-29 15:46:41,034 [ERROR] CADModel:125 - Updater not yet initialized, retry later 
2026-05-29 15:46:41,037 [FATAL] Updater:351 - Updater called before beeing initialized
2026-05-29 15:46:41,121 [FATAL] Updater:351 - Updater called before beeing initialized
2026-05-29 15:46:41,126 [INFO] DbMcusAds:53 - JSON generation date=Thu Sep 30 12:25:09 IST 2021 (1632984909247)
2026-05-29 15:46:41,126 [FATAL] Updater:351 - Updater called before beeing initialized
2026-05-29 15:46:41,152 [WARN] DetailPanel:346 - Failed to get advertising image, set to default
2026-05-29 15:46:41,220 [FATAL] Updater:351 - Updater called before beeing initialized
2026-05-29 15:46:41,222 [FATAL] Updater:351 - Updater called before beeing initialized
2026-05-29 15:46:41,222 [FATAL] Updater:351 - Updater called before beeing initialized
2026-05-29 15:46:41,222 [WARN] DetailPanel:346 - Failed to get advertising image, set to default
2026-05-29 15:46:41,224 [FATAL] Updater:351 - Updater called before beeing initialized
2026-05-29 15:46:41,254 [ERROR] Updater:1198 - MainUpdater not yet initialized. External WinMGr cannot be set.
2026-05-29 15:46:41,256 [INFO] Updater:1134 - Updater Version found : 6.15.0
2026-05-29 15:46:41,270 [INFO] ApplicationProperties:184 - Using Application install path: C:\ST\STM32CubeIDE_1.19.0\STM32CubeIDE\plugins\com.st.stm32cube.common.mx_6.15.0.202507011659
2026-05-29 15:46:42,842 [ERROR] LogOutputStream:75 - [STDERR_REDIRECT] May 29, 2026 3:46:42 PM java.util.prefs.WindowsPreferences <init>
2026-05-29 15:46:42,843 [ERROR] LogOutputStream:75 - [STDERR_REDIRECT] WARNING: Could not open/create prefs root node Software\JavaSoft\Prefs at root 0xffffffff80000002. Windows RegCreateKeyEx(...) returned error code 5.
2026-05-29 15:46:42,843 [ERROR] LogOutputStream:75 - [STDERR_REDIRECT] 
2026-05-29 15:46:43,222 [INFO] ThirdPartyUpdaterWithRetryManager:70 - Updater plugin not ready yet. [2/15]
2026-05-29 15:46:43,278 [INFO] MainUpdater:2872 - connection check result : 10
2026-05-29 15:46:43,278 [INFO] MainUpdater:289 - Updater Check For Update Now.
2026-05-29 15:46:43,278 [INFO] MicroXplorer:498 - Change Database Version : DB.6.0.150
2026-05-29 15:46:43,287 [INFO] McuFinderGlobals:63 - Set McuFinder mode to 2 (CubeIDE integrated)
2026-05-29 15:46:43,287 [INFO] UserAuth:171 - activating auth plugin
2026-05-29 15:46:43,291 [INFO] UserAuth:487 - Internet connection configuration mode: 1
2026-05-29 15:46:43,330 [INFO] JxBrowserEngine:152 - Initiate JxBrowser Engine with user profile folder
2026-05-29 15:46:43,454 [INFO] CheckServerUpdateThread:120 - End of CheckServer Thread
2026-05-29 15:46:43,885 [INFO] WebApp:169 - Instantiating new browser for Auth
2026-05-29 15:46:44,424 [INFO] WebApp:463 - Apply proxy settings
2026-05-29 15:46:44,424 [INFO] WebApp:548 - Chromium requires no authentication
2026-05-29 15:46:44,432 [INFO] WebApp:491 - Direct internet connection detected
2026-05-29 15:46:44,449 [INFO] WebApp:900 - Register for checkConnection events
2026-05-29 15:46:44,450 [INFO] WebApp:463 - Apply proxy settings
2026-05-29 15:46:44,450 [INFO] WebApp:548 - Chromium requires no authentication
2026-05-29 15:46:44,450 [INFO] WebApp:491 - Direct internet connection detected
2026-05-29 15:46:44,555 [INFO] WebApp:225 - Starting web application
2026-05-29 15:46:44,555 [INFO] WebApp:593 - Web application path used C:\ST\STM32CubeIDE_1.19.0\STM32CubeIDE\plugins\com.st.stm32cube.common.mx_6.15.0.202507011659\db\plugins\mcufinder\reactClient1\index.html
2026-05-29 15:46:45,242 [INFO] WebApp:191 - Connection restablished
2026-05-29 15:46:46,473 [WARN] PackLoader:240 - Cannot read IP mode file for STMicroelectronics.X-CUBE-AZRTOS-H7.3.5.0
2026-05-29 15:46:46,488 [WARN] PackLoader:240 - Cannot read IP mode file for STMicroelectronics.FP-ATR-ASTRA1.2.0.2
2026-05-29 15:46:46,504 [WARN] PackLoader:240 - Cannot read IP mode file for STMicroelectronics.X-CUBE-SMBUS.2.1.0
2026-05-29 15:46:46,519 [WARN] PackLoader:240 - Cannot read IP mode file for STMicroelectronics.X-CUBE-AZRTOS-F7.1.1.0
2026-05-29 15:46:46,528 [WARN] PackLoader:240 - Cannot read IP mode file for STMicroelectronics.FP-SNS-MOTENV1.5.1.0
2026-05-29 15:46:46,544 [WARN] PackLoader:240 - Cannot read IP mode file for WES.I-CUBE-Cesium.1.4.0
2026-05-29 15:46:46,552 [WARN] PackLoader:240 - Cannot read IP mode file for STMicroelectronics.X-CUBE-DISPLAY.3.0.0
2026-05-29 15:46:46,567 [WARN] PackLoader:240 - Cannot read IP mode file for STMicroelectronics.X-CUBE-GNSS1.7.1.1
2026-05-29 15:46:46,571 [WARN] PackLoader:240 - Cannot read IP mode file for STMicroelectronics.FP-SNS-MOTENVWB1.1.5.0
2026-05-29 15:46:46,577 [WARN] PackLoader:240 - Cannot read IP mode file for wolfSSL.I-CUBE-wolfSSL.5.9.1
2026-05-29 15:46:46,583 [WARN] PackLoader:240 - Cannot read IP mode file for STMicroelectronics.X-CUBE-NFC10.1.0.0
2026-05-29 15:46:46,589 [WARN] PackLoader:240 - Cannot read IP mode file for STMicroelectronics.X-CUBE-ST60.1.1.0
2026-05-29 15:46:46,596 [WARN] PackLoader:240 - Cannot read IP mode file for emotas.I-CUBE-CANOPEN.1.3.0
2026-05-29 15:46:46,602 [WARN] PackLoader:240 - Cannot read IP mode file for STMicroelectronics.FP-SNS-STBOX1.2.1.0
2026-05-29 15:46:46,607 [WARN] PackLoader:240 - Cannot read IP mode file for STMicroelectronics.FP-SNS-SMARTAG2.1.2.0
2026-05-29 15:46:46,613 [WARN] PackLoader:240 - Cannot read IP mode file for STMicroelectronics.FP-SNS-FLIGHT1.5.1.0
2026-05-29 15:46:46,627 [INFO] LogOutputStream:77 - [STDOUT_REDIRECT] 1 : Invalid condition id : UX_CORESTACK_Condition cause : null
2026-05-29 15:46:46,629 [INFO] LogOutputStream:77 - [STDOUT_REDIRECT] 1 : Invalid condition id : UX_CORESTACK_Condition cause : null
2026-05-29 15:46:46,630 [INFO] LogOutputStream:77 - [STDOUT_REDIRECT] 1 : Invalid condition id : UX_CORESTACK_Condition cause : null
2026-05-29 15:46:46,631 [INFO] LogOutputStream:77 - [STDOUT_REDIRECT] 1 : Invalid condition id : UX_CORESTACK_Condition cause : null
2026-05-29 15:46:46,632 [INFO] LogOutputStream:77 - [STDOUT_REDIRECT] 1 : Invalid condition id : UX_CORESTACK_Condition cause : null
2026-05-29 15:46:46,634 [WARN] PackLoader:240 - Cannot read IP mode file for STMicroelectronics.X-CUBE-AZRTOS-WL.2.0.0
2026-05-29 15:46:46,659 [WARN] PackLoader:240 - Cannot read IP mode file for STMicroelectronics.X-CUBE-AZRTOS-H7RS.1.2.0
2026-05-29 15:46:46,666 [WARN] PackLoader:240 - Cannot read IP mode file for STMicroelectronics.X-CUBE-BLE2.3.3.0
2026-05-29 15:46:46,701 [WARN] PackLoader:240 - Cannot read IP mode file for Infineon.AIROC-Wi-Fi-Bluetooth-STM32.1.8.0
2026-05-29 15:46:46,716 [WARN] PackLoader:240 - Cannot read IP mode file for STMicroelectronics.X-CUBE-NFC9.1.0.0
2026-05-29 15:46:46,721 [WARN] PackLoader:240 - Cannot read IP mode file for STMicroelectronics.X-CUBE-BLE1.7.1.0
2026-05-29 15:46:46,725 [WARN] PackLoader:240 - Cannot read IP mode file for wolfSSL.I-CUBE-wolfMQTT.1.19.2
2026-05-29 15:46:46,742 [WARN] PackLoader:240 - Cannot read IP mode file for STMicroelectronics.X-CUBE-EEPRMA1.5.2.0
2026-05-29 15:46:46,762 [WARN] PackLoader:240 - Cannot read IP mode file for STMicroelectronics.FP-SNS-STAIOTCFT.1.1.0
2026-05-29 15:46:46,805 [WARN] PackLoader:240 - Cannot read IP mode file for STMicroelectronics.X-CUBE-AZRTOS-G0.1.1.0
2026-05-29 15:46:46,815 [WARN] PackLoader:240 - Cannot read IP mode file for STMicroelectronics.X-CUBE-NFC4.3.0.0
2026-05-29 15:46:46,826 [WARN] PackLoader:240 - Cannot read IP mode file for EmbeddedOffice.I-CUBE-FS-RTOS.1.0.1
2026-05-29 15:46:46,830 [WARN] PackLoader:240 - Cannot read IP mode file for wolfSSL.I-CUBE-wolfTPM.3.8.0
2026-05-29 15:46:46,835 [WARN] PackLoader:240 - Cannot read IP mode file for STMicroelectronics.X-CUBE-TCPP.4.2.0
2026-05-29 15:46:46,840 [WARN] PackLoader:240 - Cannot read IP mode file for RealThread.X-CUBE-RT-Thread_Nano.4.1.1
2026-05-29 15:46:46,843 [WARN] PackLoader:240 - Cannot read IP mode file for STMicroelectronics.FP-ATR-SIGFOX1.3.2.0
2026-05-29 15:46:46,847 [WARN] PackLoader:240 - Cannot read IP mode file for STMicroelectronics.X-CUBE-FREERTOS.1.5.0
2026-05-29 15:46:46,853 [WARN] PackLoader:240 - Cannot read IP mode file for ITTIA_DB.I-CUBE-ITTIADB.8.9.0
2026-05-29 15:46:46,857 [WARN] PackLoader:240 - Cannot read IP mode file for Cesanta.I-CUBE-Mongoose.7.21.7
2026-05-29 15:46:46,862 [WARN] PackLoader:240 - Cannot read IP mode file for STMicroelectronics.X-CUBE-NFC6.3.2.0
2026-05-29 15:46:46,868 [WARN] PackLoader:240 - Cannot read IP mode file for STMicroelectronics.X-CUBE-AI.10.2.0
2026-05-29 15:46:46,891 [WARN] PackLoader:240 - Cannot read IP mode file for STMicroelectronics.X-CUBE-MEMS1.12.1.0
2026-05-29 15:46:46,962 [WARN] PackLoader:240 - Cannot read IP mode file for SEGGER.I-CUBE-embOS.1.3.1
2026-05-29 15:46:46,989 [WARN] PackLoader:240 - Cannot read IP mode file for STMicroelectronics.X-CUBE-PM33A1.1.0.0
2026-05-29 15:46:46,999 [WARN] PackLoader:240 - Cannot read IP mode file for STMicroelectronics.X-CUBE-AZRTOS-F4.1.1.0
2026-05-29 15:46:47,003 [WARN] PackLoader:240 - Cannot read IP mode file for STMicroelectronics.X-CUBE-ISPU.2.1.0
2026-05-29 15:46:47,011 [WARN] PackLoader:240 - Cannot read IP mode file for STMicroelectronics.X-CUBE-IPS.3.2.0
2026-05-29 15:46:47,018 [WARN] PackLoader:240 - Cannot read IP mode file for STMicroelectronics.eDS-WB_DPC_TT-BIDIR.2.1.1
2026-05-29 15:46:47,022 [WARN] PackLoader:240 - Cannot read IP mode file for STMicroelectronics.X-CUBE-NFC12.1.0.0
2026-05-29 15:46:47,031 [WARN] PackLoader:240 - Cannot read IP mode file for STMicroelectronics.X-CUBE-AZRTOS-L5.2.0.0
2026-05-29 15:46:47,037 [WARN] PackLoader:240 - Cannot read IP mode file for STMicroelectronics.X-CUBE-ALGOBUILD.1.5.0
2026-05-29 15:46:47,041 [WARN] PackLoader:240 - Cannot read IP mode file for STMicroelectronics.eDS-WB_DPC_VIENNA.1.2.0
2026-05-29 15:46:47,045 [WARN] PackLoader:240 - Cannot read IP mode file for STMicroelectronics.eDS-WB_DPC_3PH2L-BIDIR.1.1.1
2026-05-29 15:46:47,050 [ERROR] Engine:466 - C:\Users\HP\.stm32cubemx\thirdparties\pdsc\STMicroelectronics.X-CUBE-ST67W61.1.3.0.pdsc: PDSC version is not supported
2026-05-29 15:46:47,056 [WARN] PackLoader:240 - Cannot read IP mode file for STMicroelectronics.X-CUBE-TOUCHGFX.4.26.1
2026-05-29 15:46:47,060 [WARN] PackLoader:240 - Cannot read IP mode file for STMicroelectronics.X-CUBE-DPower.1.3.0
2026-05-29 15:46:47,070 [WARN] ConditionMgr:438 - getConditionDescription Invalid condition id : LAN8742 Phy interface Condition cause : null
2026-05-29 15:46:47,070 [WARN] PackLoader:240 - Cannot read IP mode file for STMicroelectronics.X-CUBE-AZRTOS-L4.2.0.0
2026-05-29 15:46:47,071 [WARN] ConditionMgr:1044 - genDependencies : Invalid condition id : LAN8742 Phy interface Condition cause : null
2026-05-29 15:46:47,071 [WARN] ConditionMgr:1044 - genDependencies : Invalid condition id : LAN8742 Phy interface Condition cause : null
2026-05-29 15:46:47,072 [WARN] ConditionMgr:1044 - genDependencies : Invalid condition id : LAN8742 Phy interface Condition cause : null
2026-05-29 15:46:47,077 [WARN] PackLoader:240 - Cannot read IP mode file for STMicroelectronics.X-CUBE-SFXS2LP1.4.0.0
2026-05-29 15:46:47,082 [WARN] PackLoader:240 - Cannot read IP mode file for STMicroelectronics.X-CUBE-WB05N.2.1.0
2026-05-29 15:46:47,088 [WARN] PackLoader:240 - Cannot read IP mode file for STMicroelectronics.X-CUBE-BLEMGR.4.1.0
2026-05-29 15:46:47,097 [WARN] ConditionMgr:438 - getConditionDescription Invalid condition id : UX DEVICE CLASS RTOS Condition cause : null
2026-05-29 15:46:47,098 [WARN] ConditionMgr:438 - getConditionDescription Invalid condition id : UX DEVICE CLASS RTOS Condition cause : null
2026-05-29 15:46:47,099 [WARN] PackLoader:240 - Cannot read IP mode file for STMicroelectronics.X-CUBE-AZRTOS-WB.2.0.0
2026-05-29 15:46:47,099 [WARN] ConditionMgr:1044 - genDependencies : Invalid condition id : UX DEVICE CLASS RTOS Condition cause : null
2026-05-29 15:46:47,099 [WARN] ConditionMgr:1044 - genDependencies : Invalid condition id : UX DEVICE CLASS RTOS Condition cause : null
2026-05-29 15:46:47,100 [WARN] ConditionMgr:1044 - genDependencies : Invalid condition id : UX DEVICE CLASS RTOS Condition cause : null
2026-05-29 15:46:47,100 [WARN] ConditionMgr:1044 - genDependencies : Invalid condition id : UX DEVICE CLASS RTOS Condition cause : null
2026-05-29 15:46:47,100 [WARN] ConditionMgr:1044 - genDependencies : Invalid condition id : UX DEVICE CLASS RTOS Condition cause : null
2026-05-29 15:46:47,103 [WARN] ConditionMgr:438 - getConditionDescription Invalid condition id : Cortex-A Device cause : null
2026-05-29 15:46:47,110 [WARN] ConditionMgr:1044 - genDependencies : Invalid condition id : Cortex-A Device cause : null
2026-05-29 15:46:47,110 [WARN] ConditionMgr:1044 - genDependencies : Invalid condition id : Cortex-A Device cause : null
2026-05-29 15:46:47,110 [WARN] ConditionMgr:1044 - genDependencies : Invalid condition id : Cortex-A Device cause : null
2026-05-29 15:46:47,114 [WARN] PackLoader:240 - Cannot read IP mode file for STMicroelectronics.X-CUBE-STSE01.2.0.0
2026-05-29 15:46:47,121 [WARN] PackLoader:240 - Cannot read IP mode file for STMicroelectronics.X-CUBE-SUBG2.5.0.0
2026-05-29 15:46:47,131 [WARN] PackLoader:240 - Cannot read IP mode file for STMicroelectronics.X-CUBE-AZRTOS-G4.2.0.0
2026-05-29 15:46:47,135 [WARN] PackLoader:240 - Cannot read IP mode file for wolfSSL.I-CUBE-wolfSSH.1.4.20
2026-05-29 15:46:47,138 [WARN] PackLoader:240 - Cannot read IP mode file for STMicroelectronics.X-CUBE-NFC7.2.0.0
2026-05-29 15:46:47,142 [WARN] PackLoader:240 - Cannot read IP mode file for STMicroelectronics.X-CUBE-ALS.1.0.2
2026-05-29 15:46:47,149 [WARN] PackLoader:240 - Cannot read IP mode file for STMicroelectronics.X-CUBE-TOF1.3.4.3
2026-05-29 15:46:47,157 [INFO] ThirdParty:978 - Integrity check success = true
2026-05-29 15:46:47,157 [INFO] IntegrityCheckThread:100 - exiting critical section [integrity check]
2026-05-29 15:46:47,157 [INFO] IntegrityCheckThread:103 - End integrity checks thread
2026-05-29 15:59:17,675 [ERROR] LogOutputStream:75 - [STDERR_REDIRECT] 
2026-05-29 15:59:17,676 [ERROR] LogOutputStream:75 - [STDERR_REDIRECT] 
